{"C:\\Users\\ellyj\\Desktop\\PLP\\testing-and-debugging-ensuring-mern-app-reliability-Ellyj12\\server\\server.js": {"path":"C:\\Users\\ellyj\\Desktop\\PLP\\testing-and-debugging-ensuring-mern-app-reliability-Ellyj12\\server\\server.js","statementMap":{"0":{"start":{"line":2,"column":0},"end":{"line":2,"column":16}},"1":{"start":{"line":17,"column":12},"end":{"line":17,"column":21}},"2":{"start":{"line":18,"column":13},"end":{"line":18,"column":37}},"3":{"start":{"line":20,"column":0},"end":{"line":20,"column":18}},"4":{"start":{"line":22,"column":23},"end":{"line":22,"column":72}},"5":{"start":{"line":24,"column":0},"end":{"line":37,"column":4}},"6":{"start":{"line":27,"column":4},"end":{"line":27,"column":45}},"7":{"start":{"line":27,"column":17},"end":{"line":27,"column":45}},"8":{"start":{"line":28,"column":4},"end":{"line":31,"column":5}},"9":{"start":{"line":29,"column":18},"end":{"line":29,"column":98}},"10":{"start":{"line":30,"column":6},"end":{"line":30,"column":45}},"11":{"start":{"line":32,"column":4},"end":{"line":32,"column":32}},"12":{"start":{"line":39,"column":0},"end":{"line":39,"column":24}},"13":{"start":{"line":42,"column":0},"end":{"line":50,"column":3}},"14":{"start":{"line":45,"column":2},"end":{"line":49,"column":5}},"15":{"start":{"line":51,"column":0},"end":{"line":51,"column":33}},"16":{"start":{"line":52,"column":0},"end":{"line":52,"column":34}},"17":{"start":{"line":53,"column":0},"end":{"line":53,"column":34}},"18":{"start":{"line":54,"column":0},"end":{"line":54,"column":43}},"19":{"start":{"line":55,"column":0},"end":{"line":55,"column":43}},"20":{"start":{"line":57,"column":0},"end":{"line":59,"column":3}},"21":{"start":{"line":58,"column":2},"end":{"line":58,"column":45}},"22":{"start":{"line":61,"column":0},"end":{"line":61,"column":18}},"23":{"start":{"line":62,"column":0},"end":{"line":62,"column":22}},"24":{"start":{"line":66,"column":20},"end":{"line":79,"column":1}},"25":{"start":{"line":67,"column":2},"end":{"line":78,"column":3}},"26":{"start":{"line":68,"column":4},"end":{"line":68,"column":27}},"27":{"start":{"line":69,"column":4},"end":{"line":77,"column":5}},"28":{"start":{"line":70,"column":6},"end":{"line":70,"column":24}},"29":{"start":{"line":71,"column":6},"end":{"line":73,"column":9}},"30":{"start":{"line":72,"column":8},"end":{"line":72,"column":86}},"31":{"start":{"line":75,"column":6},"end":{"line":75,"column":73}},"32":{"start":{"line":76,"column":6},"end":{"line":76,"column":22}},"33":{"start":{"line":81,"column":0},"end":{"line":81,"column":14}}},"fnMap":{"0":{"name":"(anonymous_0)","decl":{"start":{"line":25,"column":10},"end":{"line":25,"column":11}},"loc":{"start":{"line":25,"column":32},"end":{"line":33,"column":3}},"line":25},"1":{"name":"(anonymous_1)","decl":{"start":{"line":42,"column":19},"end":{"line":42,"column":20}},"loc":{"start":{"line":42,"column":33},"end":{"line":50,"column":1}},"line":42},"2":{"name":"(anonymous_2)","decl":{"start":{"line":57,"column":13},"end":{"line":57,"column":14}},"loc":{"start":{"line":57,"column":27},"end":{"line":59,"column":1}},"line":57},"3":{"name":"(anonymous_3)","decl":{"start":{"line":66,"column":20},"end":{"line":66,"column":21}},"loc":{"start":{"line":66,"column":32},"end":{"line":79,"column":1}},"line":66},"4":{"name":"(anonymous_4)","decl":{"start":{"line":71,"column":23},"end":{"line":71,"column":24}},"loc":{"start":{"line":71,"column":29},"end":{"line":73,"column":7}},"line":71}},"branchMap":{"0":{"loc":{"start":{"line":18,"column":13},"end":{"line":18,"column":37}},"type":"binary-expr","locations":[{"start":{"line":18,"column":13},"end":{"line":18,"column":29}},{"start":{"line":18,"column":33},"end":{"line":18,"column":37}}],"line":18},"1":{"loc":{"start":{"line":27,"column":4},"end":{"line":27,"column":45}},"type":"if","locations":[{"start":{"line":27,"column":4},"end":{"line":27,"column":45}},{"start":{},"end":{}}],"line":27},"2":{"loc":{"start":{"line":28,"column":4},"end":{"line":31,"column":5}},"type":"if","locations":[{"start":{"line":28,"column":4},"end":{"line":31,"column":5}},{"start":{},"end":{}}],"line":28},"3":{"loc":{"start":{"line":67,"column":2},"end":{"line":78,"column":3}},"type":"if","locations":[{"start":{"line":67,"column":2},"end":{"line":78,"column":3}},{"start":{},"end":{}}],"line":67}},"s":{"0":5,"1":5,"2":5,"3":5,"4":5,"5":5,"6":22,"7":22,"8":0,"9":0,"10":0,"11":0,"12":5,"13":5,"14":0,"15":5,"16":5,"17":5,"18":5,"19":5,"20":5,"21":0,"22":5,"23":5,"24":5,"25":5,"26":0,"27":0,"28":0,"29":0,"30":0,"31":0,"32":0,"33":5},"f":{"0":22,"1":0,"2":0,"3":5,"4":0},"b":{"0":[5,0],"1":[22,0],"2":[0,0],"3":[0,5]},"_coverageSchema":"1a1c01bbd47fc00a2c39e90264f33305004495a9","hash":"0844e9343987aa8f14fef8309d3f7ac4aef48c96"}
,"C:\\Users\\ellyj\\Desktop\\PLP\\testing-and-debugging-ensuring-mern-app-reliability-Ellyj12\\server\\config\\db.js": {"path":"C:\\Users\\ellyj\\Desktop\\PLP\\testing-and-debugging-ensuring-mern-app-reliability-Ellyj12\\server\\config\\db.js","statementMap":{"0":{"start":{"line":4,"column":0},"end":{"line":4,"column":65}},"1":{"start":{"line":6,"column":18},"end":{"line":27,"column":1}},"2":{"start":{"line":7,"column":4},"end":{"line":26,"column":5}},"3":{"start":{"line":8,"column":21},"end":{"line":14,"column":10}},"4":{"start":{"line":16,"column":8},"end":{"line":18,"column":9}},"5":{"start":{"line":17,"column":12},"end":{"line":17,"column":72}},"6":{"start":{"line":20,"column":8},"end":{"line":20,"column":20}},"7":{"start":{"line":23,"column":8},"end":{"line":23,"column":49}},"8":{"start":{"line":25,"column":8},"end":{"line":25,"column":24}}},"fnMap":{"0":{"name":"(anonymous_0)","decl":{"start":{"line":6,"column":18},"end":{"line":6,"column":19}},"loc":{"start":{"line":6,"column":30},"end":{"line":27,"column":1}},"line":6}},"branchMap":{"0":{"loc":{"start":{"line":16,"column":8},"end":{"line":18,"column":9}},"type":"if","locations":[{"start":{"line":16,"column":8},"end":{"line":18,"column":9}},{"start":{},"end":{}}],"line":16}},"s":{"0":11,"1":11,"2":11,"3":11,"4":11,"5":0,"6":11,"7":0,"8":0},"f":{"0":11},"b":{"0":[0,11]},"_coverageSchema":"1a1c01bbd47fc00a2c39e90264f33305004495a9","hash":"53c66a1c43e66df4ac949512ac00bd5626a02b8f"}
,"C:\\Users\\ellyj\\Desktop\\PLP\\testing-and-debugging-ensuring-mern-app-reliability-Ellyj12\\server\\controllers\\authController.js": {"path":"C:\\Users\\ellyj\\Desktop\\PLP\\testing-and-debugging-ensuring-mern-app-reliability-Ellyj12\\server\\controllers\\authController.js","statementMap":{"0":{"start":{"line":6,"column":22},"end":{"line":8,"column":1}},"1":{"start":{"line":7,"column":2},"end":{"line":7,"column":72}},"2":{"start":{"line":11,"column":26},"end":{"line":63,"column":1}},"3":{"start":{"line":12,"column":17},"end":{"line":12,"column":38}},"4":{"start":{"line":15,"column":2},"end":{"line":25,"column":3}},"5":{"start":{"line":16,"column":22},"end":{"line":16,"column":24}},"6":{"start":{"line":17,"column":4},"end":{"line":19,"column":7}},"7":{"start":{"line":18,"column":6},"end":{"line":18,"column":37}},"8":{"start":{"line":21,"column":4},"end":{"line":24,"column":7}},"9":{"start":{"line":27,"column":2},"end":{"line":62,"column":3}},"10":{"start":{"line":28,"column":47},"end":{"line":28,"column":55}},"11":{"start":{"line":31,"column":24},"end":{"line":31,"column":53}},"12":{"start":{"line":32,"column":4},"end":{"line":37,"column":5}},"13":{"start":{"line":33,"column":6},"end":{"line":36,"column":9}},"14":{"start":{"line":40,"column":27},"end":{"line":40,"column":59}},"15":{"start":{"line":41,"column":4},"end":{"line":46,"column":5}},"16":{"start":{"line":42,"column":6},"end":{"line":45,"column":9}},"17":{"start":{"line":49,"column":25},"end":{"line":49,"column":97}},"18":{"start":{"line":50,"column":17},"end":{"line":50,"column":85}},"19":{"start":{"line":52,"column":4},"end":{"line":59,"column":7}},"20":{"start":{"line":61,"column":4},"end":{"line":61,"column":14}},"21":{"start":{"line":68,"column":25},"end":{"line":92,"column":1}},"22":{"start":{"line":69,"column":2},"end":{"line":91,"column":3}},"23":{"start":{"line":70,"column":42},"end":{"line":70,"column":50}},"24":{"start":{"line":73,"column":6},"end":{"line":73,"column":75}},"25":{"start":{"line":75,"column":4},"end":{"line":88,"column":5}},"26":{"start":{"line":76,"column":6},"end":{"line":83,"column":9}},"27":{"start":{"line":85,"column":20},"end":{"line":85,"column":58}},"28":{"start":{"line":86,"column":6},"end":{"line":86,"column":29}},"29":{"start":{"line":87,"column":6},"end":{"line":87,"column":25}},"30":{"start":{"line":90,"column":4},"end":{"line":90,"column":14}}},"fnMap":{"0":{"name":"(anonymous_0)","decl":{"start":{"line":6,"column":22},"end":{"line":6,"column":23}},"loc":{"start":{"line":6,"column":30},"end":{"line":8,"column":1}},"line":6},"1":{"name":"(anonymous_1)","decl":{"start":{"line":11,"column":26},"end":{"line":11,"column":27}},"loc":{"start":{"line":11,"column":52},"end":{"line":63,"column":1}},"line":11},"2":{"name":"(anonymous_2)","decl":{"start":{"line":17,"column":27},"end":{"line":17,"column":28}},"loc":{"start":{"line":17,"column":34},"end":{"line":19,"column":5}},"line":17},"3":{"name":"(anonymous_3)","decl":{"start":{"line":68,"column":25},"end":{"line":68,"column":26}},"loc":{"start":{"line":68,"column":51},"end":{"line":92,"column":1}},"line":68}},"branchMap":{"0":{"loc":{"start":{"line":15,"column":2},"end":{"line":25,"column":3}},"type":"if","locations":[{"start":{"line":15,"column":2},"end":{"line":25,"column":3}},{"start":{},"end":{}}],"line":15},"1":{"loc":{"start":{"line":32,"column":4},"end":{"line":37,"column":5}},"type":"if","locations":[{"start":{"line":32,"column":4},"end":{"line":37,"column":5}},{"start":{},"end":{}}],"line":32},"2":{"loc":{"start":{"line":41,"column":4},"end":{"line":46,"column":5}},"type":"if","locations":[{"start":{"line":41,"column":4},"end":{"line":46,"column":5}},{"start":{},"end":{}}],"line":41},"3":{"loc":{"start":{"line":49,"column":25},"end":{"line":49,"column":97}},"type":"cond-expr","locations":[{"start":{"line":49,"column":37},"end":{"line":49,"column":89}},{"start":{"line":49,"column":93},"end":{"line":49,"column":97}}],"line":49},"4":{"loc":{"start":{"line":49,"column":37},"end":{"line":49,"column":89}},"type":"binary-expr","locations":[{"start":{"line":49,"column":37},"end":{"line":49,"column":50}},{"start":{"line":49,"column":54},"end":{"line":49,"column":73}},{"start":{"line":49,"column":77},"end":{"line":49,"column":89}}],"line":49},"5":{"loc":{"start":{"line":73,"column":6},"end":{"line":73,"column":75}},"type":"binary-expr","locations":[{"start":{"line":73,"column":7},"end":{"line":73,"column":36}},{"start":{"line":73,"column":42},"end":{"line":73,"column":74}}],"line":73},"6":{"loc":{"start":{"line":75,"column":4},"end":{"line":88,"column":5}},"type":"if","locations":[{"start":{"line":75,"column":4},"end":{"line":88,"column":5}},{"start":{"line":84,"column":11},"end":{"line":88,"column":5}}],"line":75},"7":{"loc":{"start":{"line":75,"column":8},"end":{"line":75,"column":52}},"type":"binary-expr","locations":[{"start":{"line":75,"column":8},"end":{"line":75,"column":12}},{"start":{"line":75,"column":17},"end":{"line":75,"column":51}}],"line":75}},"s":{"0":6,"1":6,"2":6,"3":7,"4":7,"5":1,"6":1,"7":1,"8":1,"9":6,"10":6,"11":6,"12":6,"13":2,"14":4,"15":4,"16":0,"17":4,"18":4,"19":4,"20":0,"21":6,"22":4,"23":4,"24":4,"25":4,"26":2,"27":2,"28":2,"29":2,"30":0},"f":{"0":6,"1":7,"2":1,"3":4},"b":{"0":[1,6],"1":[2,4],"2":[0,4],"3":[0,4],"4":[0,0,0],"5":[4,0],"6":[2,2],"7":[4,4]},"_coverageSchema":"1a1c01bbd47fc00a2c39e90264f33305004495a9","hash":"e64e4331c79fe8f77ceecedb8c775a0bf5b95078"}
,"C:\\Users\\ellyj\\Desktop\\PLP\\testing-and-debugging-ensuring-mern-app-reliability-Ellyj12\\server\\controllers\\categoryController.js": {"path":"C:\\Users\\ellyj\\Desktop\\PLP\\testing-and-debugging-ensuring-mern-app-reliability-Ellyj12\\server\\controllers\\categoryController.js","statementMap":{"0":{"start":{"line":3,"column":29},"end":{"line":15,"column":1}},"1":{"start":{"line":4,"column":2},"end":{"line":14,"column":3}},"2":{"start":{"line":5,"column":23},"end":{"line":5,"column":65}},"3":{"start":{"line":7,"column":4},"end":{"line":11,"column":7}},"4":{"start":{"line":13,"column":4},"end":{"line":13,"column":16}}},"fnMap":{"0":{"name":"(anonymous_0)","decl":{"start":{"line":3,"column":29},"end":{"line":3,"column":30}},"loc":{"start":{"line":3,"column":55},"end":{"line":15,"column":1}},"line":3}},"branchMap":{},"s":{"0":5,"1":1,"2":1,"3":1,"4":0},"f":{"0":1},"b":{},"_coverageSchema":"1a1c01bbd47fc00a2c39e90264f33305004495a9","hash":"984c09996a4e379b8c5acd11c93b4efed2d95d2c"}
,"C:\\Users\\ellyj\\Desktop\\PLP\\testing-and-debugging-ensuring-mern-app-reliability-Ellyj12\\server\\controllers\\dashboardController.js": {"path":"C:\\Users\\ellyj\\Desktop\\PLP\\testing-and-debugging-ensuring-mern-app-reliability-Ellyj12\\server\\controllers\\dashboardController.js","statementMap":{"0":{"start":{"line":5,"column":33},"end":{"line":44,"column":1}},"1":{"start":{"line":6,"column":2},"end":{"line":43,"column":3}},"2":{"start":{"line":7,"column":19},"end":{"line":7,"column":31}},"3":{"start":{"line":10,"column":17},"end":{"line":10,"column":61}},"4":{"start":{"line":12,"column":18},"end":{"line":12,"column":76}},"5":{"start":{"line":13,"column":26},"end":{"line":13,"column":38}},"6":{"start":{"line":14,"column":32},"end":{"line":14,"column":77}},"7":{"start":{"line":14,"column":53},"end":{"line":14,"column":69}},"8":{"start":{"line":17,"column":18},"end":{"line":24,"column":41}},"9":{"start":{"line":27,"column":28},"end":{"line":29,"column":5}},"10":{"start":{"line":28,"column":13},"end":{"line":28,"column":83}},"11":{"start":{"line":31,"column":4},"end":{"line":38,"column":7}},"12":{"start":{"line":42,"column":4},"end":{"line":42,"column":16}}},"fnMap":{"0":{"name":"(anonymous_0)","decl":{"start":{"line":5,"column":33},"end":{"line":5,"column":34}},"loc":{"start":{"line":5,"column":59},"end":{"line":44,"column":1}},"line":5},"1":{"name":"(anonymous_1)","decl":{"start":{"line":14,"column":45},"end":{"line":14,"column":46}},"loc":{"start":{"line":14,"column":53},"end":{"line":14,"column":69}},"line":14},"2":{"name":"(anonymous_2)","decl":{"start":{"line":28,"column":6},"end":{"line":28,"column":7}},"loc":{"start":{"line":28,"column":13},"end":{"line":28,"column":83}},"line":28}},"branchMap":{"0":{"loc":{"start":{"line":28,"column":13},"end":{"line":28,"column":83}},"type":"binary-expr","locations":[{"start":{"line":28,"column":13},"end":{"line":28,"column":57}},{"start":{"line":28,"column":61},"end":{"line":28,"column":83}}],"line":28},"1":{"loc":{"start":{"line":32,"column":14},"end":{"line":32,"column":30}},"type":"binary-expr","locations":[{"start":{"line":32,"column":14},"end":{"line":32,"column":25}},{"start":{"line":32,"column":29},"end":{"line":32,"column":30}}],"line":32}},"s":{"0":5,"1":1,"2":1,"3":1,"4":1,"5":1,"6":1,"7":1,"8":1,"9":1,"10":0,"11":1,"12":0},"f":{"0":1,"1":1,"2":0},"b":{"0":[0,0],"1":[1,0]},"_coverageSchema":"1a1c01bbd47fc00a2c39e90264f33305004495a9","hash":"964de98f689dbbd5e7b8ccb737f64e5f73125cbb"}
,"C:\\Users\\ellyj\\Desktop\\PLP\\testing-and-debugging-ensuring-mern-app-reliability-Ellyj12\\server\\controllers\\itemController.js": {"path":"C:\\Users\\ellyj\\Desktop\\PLP\\testing-and-debugging-ensuring-mern-app-reliability-Ellyj12\\server\\controllers\\itemController.js","statementMap":{"0":{"start":{"line":7,"column":26},"end":{"line":53,"column":1}},"1":{"start":{"line":10,"column":17},"end":{"line":10,"column":38}},"2":{"start":{"line":11,"column":2},"end":{"line":13,"column":3}},"3":{"start":{"line":12,"column":4},"end":{"line":12,"column":60}},"4":{"start":{"line":15,"column":2},"end":{"line":52,"column":3}},"5":{"start":{"line":20,"column":6},"end":{"line":20,"column":14}},"6":{"start":{"line":22,"column":26},"end":{"line":22,"column":36}},"7":{"start":{"line":23,"column":4},"end":{"line":25,"column":6}},"8":{"start":{"line":29,"column":6},"end":{"line":29,"column":102}},"9":{"start":{"line":29,"column":31},"end":{"line":29,"column":79}},"10":{"start":{"line":31,"column":20},"end":{"line":43,"column":6}},"11":{"start":{"line":47,"column":4},"end":{"line":47,"column":25}},"12":{"start":{"line":48,"column":4},"end":{"line":48,"column":34}},"13":{"start":{"line":50,"column":4},"end":{"line":50,"column":25}},"14":{"start":{"line":51,"column":4},"end":{"line":51,"column":16}},"15":{"start":{"line":56,"column":26},"end":{"line":73,"column":1}},"16":{"start":{"line":57,"column":2},"end":{"line":72,"column":3}},"17":{"start":{"line":58,"column":17},"end":{"line":58,"column":51}},"18":{"start":{"line":60,"column":4},"end":{"line":62,"column":5}},"19":{"start":{"line":61,"column":6},"end":{"line":61,"column":65}},"20":{"start":{"line":64,"column":4},"end":{"line":66,"column":5}},"21":{"start":{"line":65,"column":6},"end":{"line":65,"column":65}},"22":{"start":{"line":68,"column":4},"end":{"line":68,"column":27}},"23":{"start":{"line":69,"column":4},"end":{"line":69,"column":42}},"24":{"start":{"line":71,"column":4},"end":{"line":71,"column":16}},"25":{"start":{"line":75,"column":27},"end":{"line":91,"column":1}},"26":{"start":{"line":76,"column":2},"end":{"line":90,"column":3}},"27":{"start":{"line":77,"column":17},"end":{"line":80,"column":42}},"28":{"start":{"line":82,"column":4},"end":{"line":86,"column":5}},"29":{"start":{"line":83,"column":20},"end":{"line":83,"column":47}},"30":{"start":{"line":84,"column":6},"end":{"line":84,"column":29}},"31":{"start":{"line":85,"column":6},"end":{"line":85,"column":18}},"32":{"start":{"line":87,"column":4},"end":{"line":87,"column":19}},"33":{"start":{"line":89,"column":4},"end":{"line":89,"column":16}},"34":{"start":{"line":93,"column":24},"end":{"line":179,"column":1}},"35":{"start":{"line":94,"column":2},"end":{"line":178,"column":3}},"36":{"start":{"line":96,"column":6},"end":{"line":96,"column":15}},"37":{"start":{"line":98,"column":4},"end":{"line":106,"column":5}},"38":{"start":{"line":99,"column":19},"end":{"line":99,"column":77}},"39":{"start":{"line":100,"column":6},"end":{"line":104,"column":7}},"40":{"start":{"line":101,"column":22},"end":{"line":101,"column":49}},"41":{"start":{"line":102,"column":8},"end":{"line":102,"column":31}},"42":{"start":{"line":103,"column":8},"end":{"line":103,"column":27}},"43":{"start":{"line":105,"column":6},"end":{"line":105,"column":28}},"44":{"start":{"line":108,"column":19},"end":{"line":108,"column":40}},"45":{"start":{"line":110,"column":4},"end":{"line":134,"column":5}},"46":{"start":{"line":111,"column":21},"end":{"line":111,"column":37}},"47":{"start":{"line":113,"column":6},"end":{"line":133,"column":7}},"48":{"start":{"line":114,"column":22},"end":{"line":114,"column":76}},"49":{"start":{"line":114,"column":51},"end":{"line":114,"column":59}},"50":{"start":{"line":115,"column":23},"end":{"line":115,"column":77}},"51":{"start":{"line":115,"column":42},"end":{"line":115,"column":76}},"52":{"start":{"line":116,"column":8},"end":{"line":125,"column":9}},"53":{"start":{"line":117,"column":10},"end":{"line":117,"column":43}},"54":{"start":{"line":120,"column":26},"end":{"line":120,"column":67}},"55":{"start":{"line":120,"column":41},"end":{"line":120,"column":66}},"56":{"start":{"line":121,"column":23},"end":{"line":123,"column":12}},"57":{"start":{"line":122,"column":39},"end":{"line":122,"column":54}},"58":{"start":{"line":124,"column":10},"end":{"line":124,"column":60}},"59":{"start":{"line":124,"column":51},"end":{"line":124,"column":56}},"60":{"start":{"line":126,"column":13},"end":{"line":133,"column":7}},"61":{"start":{"line":127,"column":8},"end":{"line":127,"column":33}},"62":{"start":{"line":130,"column":28},"end":{"line":130,"column":92}},"63":{"start":{"line":131,"column":8},"end":{"line":132,"column":36}},"64":{"start":{"line":131,"column":25},"end":{"line":131,"column":59}},"65":{"start":{"line":132,"column":13},"end":{"line":132,"column":36}},"66":{"start":{"line":136,"column":4},"end":{"line":136,"column":36}},"67":{"start":{"line":136,"column":15},"end":{"line":136,"column":36}},"68":{"start":{"line":137,"column":4},"end":{"line":137,"column":33}},"69":{"start":{"line":137,"column":14},"end":{"line":137,"column":33}},"70":{"start":{"line":138,"column":4},"end":{"line":145,"column":5}},"71":{"start":{"line":139,"column":22},"end":{"line":139,"column":39}},"72":{"start":{"line":140,"column":6},"end":{"line":144,"column":7}},"73":{"start":{"line":141,"column":8},"end":{"line":141,"column":92}},"74":{"start":{"line":141,"column":64},"end":{"line":141,"column":72}},"75":{"start":{"line":143,"column":8},"end":{"line":143,"column":35}},"76":{"start":{"line":147,"column":4},"end":{"line":152,"column":5}},"77":{"start":{"line":148,"column":6},"end":{"line":151,"column":8}},"78":{"start":{"line":154,"column":23},"end":{"line":154,"column":42}},"79":{"start":{"line":155,"column":21},"end":{"line":155,"column":42}},"80":{"start":{"line":156,"column":17},"end":{"line":156,"column":44}},"81":{"start":{"line":158,"column":21},"end":{"line":158,"column":23}},"82":{"start":{"line":159,"column":4},"end":{"line":160,"column":64}},"83":{"start":{"line":159,"column":29},"end":{"line":159,"column":60}},"84":{"start":{"line":160,"column":9},"end":{"line":160,"column":64}},"85":{"start":{"line":160,"column":34},"end":{"line":160,"column":64}},"86":{"start":{"line":162,"column":18},"end":{"line":166,"column":41}},"87":{"start":{"line":168,"column":23},"end":{"line":168,"column":56}},"88":{"start":{"line":170,"column":4},"end":{"line":175,"column":7}},"89":{"start":{"line":177,"column":4},"end":{"line":177,"column":14}},"90":{"start":{"line":181,"column":26},"end":{"line":190,"column":1}},"91":{"start":{"line":182,"column":2},"end":{"line":189,"column":3}},"92":{"start":{"line":183,"column":18},"end":{"line":185,"column":35}},"93":{"start":{"line":186,"column":4},"end":{"line":186,"column":20}},"94":{"start":{"line":188,"column":4},"end":{"line":188,"column":16}}},"fnMap":{"0":{"name":"(anonymous_0)","decl":{"start":{"line":7,"column":26},"end":{"line":7,"column":27}},"loc":{"start":{"line":7,"column":52},"end":{"line":53,"column":1}},"line":7},"1":{"name":"(anonymous_1)","decl":{"start":{"line":29,"column":21},"end":{"line":29,"column":22}},"loc":{"start":{"line":29,"column":31},"end":{"line":29,"column":79}},"line":29},"2":{"name":"(anonymous_2)","decl":{"start":{"line":56,"column":26},"end":{"line":56,"column":27}},"loc":{"start":{"line":56,"column":52},"end":{"line":73,"column":1}},"line":56},"3":{"name":"(anonymous_3)","decl":{"start":{"line":75,"column":27},"end":{"line":75,"column":28}},"loc":{"start":{"line":75,"column":53},"end":{"line":91,"column":1}},"line":75},"4":{"name":"(anonymous_4)","decl":{"start":{"line":93,"column":24},"end":{"line":93,"column":25}},"loc":{"start":{"line":93,"column":50},"end":{"line":179,"column":1}},"line":93},"5":{"name":"(anonymous_5)","decl":{"start":{"line":114,"column":44},"end":{"line":114,"column":45}},"loc":{"start":{"line":114,"column":51},"end":{"line":114,"column":59}},"line":114},"6":{"name":"(anonymous_6)","decl":{"start":{"line":115,"column":35},"end":{"line":115,"column":36}},"loc":{"start":{"line":115,"column":42},"end":{"line":115,"column":76}},"line":115},"7":{"name":"(anonymous_7)","decl":{"start":{"line":120,"column":36},"end":{"line":120,"column":37}},"loc":{"start":{"line":120,"column":41},"end":{"line":120,"column":66}},"line":120},"8":{"name":"(anonymous_8)","decl":{"start":{"line":122,"column":29},"end":{"line":122,"column":30}},"loc":{"start":{"line":122,"column":39},"end":{"line":122,"column":54}},"line":122},"9":{"name":"(anonymous_9)","decl":{"start":{"line":124,"column":44},"end":{"line":124,"column":45}},"loc":{"start":{"line":124,"column":51},"end":{"line":124,"column":56}},"line":124},"10":{"name":"(anonymous_10)","decl":{"start":{"line":141,"column":57},"end":{"line":141,"column":58}},"loc":{"start":{"line":141,"column":64},"end":{"line":141,"column":72}},"line":141},"11":{"name":"(anonymous_11)","decl":{"start":{"line":181,"column":26},"end":{"line":181,"column":27}},"loc":{"start":{"line":181,"column":52},"end":{"line":190,"column":1}},"line":181}},"branchMap":{"0":{"loc":{"start":{"line":11,"column":2},"end":{"line":13,"column":3}},"type":"if","locations":[{"start":{"line":11,"column":2},"end":{"line":13,"column":3}},{"start":{},"end":{}}],"line":11},"1":{"loc":{"start":{"line":24,"column":35},"end":{"line":24,"column":65}},"type":"binary-expr","locations":[{"start":{"line":24,"column":35},"end":{"line":24,"column":59}},{"start":{"line":24,"column":63},"end":{"line":24,"column":65}}],"line":24},"2":{"loc":{"start":{"line":29,"column":6},"end":{"line":29,"column":102}},"type":"binary-expr","locations":[{"start":{"line":29,"column":6},"end":{"line":29,"column":96}},{"start":{"line":29,"column":100},"end":{"line":29,"column":102}}],"line":29},"3":{"loc":{"start":{"line":29,"column":31},"end":{"line":29,"column":79}},"type":"binary-expr","locations":[{"start":{"line":29,"column":31},"end":{"line":29,"column":40}},{"start":{"line":29,"column":44},"end":{"line":29,"column":59}},{"start":{"line":29,"column":63},"end":{"line":29,"column":71}},{"start":{"line":29,"column":75},"end":{"line":29,"column":79}}],"line":29},"4":{"loc":{"start":{"line":60,"column":4},"end":{"line":62,"column":5}},"type":"if","locations":[{"start":{"line":60,"column":4},"end":{"line":62,"column":5}},{"start":{},"end":{}}],"line":60},"5":{"loc":{"start":{"line":64,"column":4},"end":{"line":66,"column":5}},"type":"if","locations":[{"start":{"line":64,"column":4},"end":{"line":66,"column":5}},{"start":{},"end":{}}],"line":64},"6":{"loc":{"start":{"line":82,"column":4},"end":{"line":86,"column":5}},"type":"if","locations":[{"start":{"line":82,"column":4},"end":{"line":86,"column":5}},{"start":{},"end":{}}],"line":82},"7":{"loc":{"start":{"line":98,"column":4},"end":{"line":106,"column":5}},"type":"if","locations":[{"start":{"line":98,"column":4},"end":{"line":106,"column":5}},{"start":{},"end":{}}],"line":98},"8":{"loc":{"start":{"line":100,"column":6},"end":{"line":104,"column":7}},"type":"if","locations":[{"start":{"line":100,"column":6},"end":{"line":104,"column":7}},{"start":{},"end":{}}],"line":100},"9":{"loc":{"start":{"line":110,"column":4},"end":{"line":134,"column":5}},"type":"if","locations":[{"start":{"line":110,"column":4},"end":{"line":134,"column":5}},{"start":{},"end":{}}],"line":110},"10":{"loc":{"start":{"line":113,"column":6},"end":{"line":133,"column":7}},"type":"if","locations":[{"start":{"line":113,"column":6},"end":{"line":133,"column":7}},{"start":{"line":126,"column":13},"end":{"line":133,"column":7}}],"line":113},"11":{"loc":{"start":{"line":116,"column":8},"end":{"line":125,"column":9}},"type":"if","locations":[{"start":{"line":116,"column":8},"end":{"line":125,"column":9}},{"start":{"line":118,"column":15},"end":{"line":125,"column":9}}],"line":116},"12":{"loc":{"start":{"line":126,"column":13},"end":{"line":133,"column":7}},"type":"if","locations":[{"start":{"line":126,"column":13},"end":{"line":133,"column":7}},{"start":{"line":128,"column":13},"end":{"line":133,"column":7}}],"line":126},"13":{"loc":{"start":{"line":131,"column":8},"end":{"line":132,"column":36}},"type":"if","locations":[{"start":{"line":131,"column":8},"end":{"line":132,"column":36}},{"start":{"line":132,"column":13},"end":{"line":132,"column":36}}],"line":131},"14":{"loc":{"start":{"line":136,"column":4},"end":{"line":136,"column":36}},"type":"if","locations":[{"start":{"line":136,"column":4},"end":{"line":136,"column":36}},{"start":{},"end":{}}],"line":136},"15":{"loc":{"start":{"line":137,"column":4},"end":{"line":137,"column":33}},"type":"if","locations":[{"start":{"line":137,"column":4},"end":{"line":137,"column":33}},{"start":{},"end":{}}],"line":137},"16":{"loc":{"start":{"line":138,"column":4},"end":{"line":145,"column":5}},"type":"if","locations":[{"start":{"line":138,"column":4},"end":{"line":145,"column":5}},{"start":{},"end":{}}],"line":138},"17":{"loc":{"start":{"line":140,"column":6},"end":{"line":144,"column":7}},"type":"if","locations":[{"start":{"line":140,"column":6},"end":{"line":144,"column":7}},{"start":{"line":142,"column":13},"end":{"line":144,"column":7}}],"line":140},"18":{"loc":{"start":{"line":147,"column":4},"end":{"line":152,"column":5}},"type":"if","locations":[{"start":{"line":147,"column":4},"end":{"line":152,"column":5}},{"start":{},"end":{}}],"line":147},"19":{"loc":{"start":{"line":154,"column":23},"end":{"line":154,"column":42}},"type":"binary-expr","locations":[{"start":{"line":154,"column":23},"end":{"line":154,"column":37}},{"start":{"line":154,"column":41},"end":{"line":154,"column":42}}],"line":154},"20":{"loc":{"start":{"line":155,"column":21},"end":{"line":155,"column":42}},"type":"binary-expr","locations":[{"start":{"line":155,"column":21},"end":{"line":155,"column":36}},{"start":{"line":155,"column":40},"end":{"line":155,"column":42}}],"line":155},"21":{"loc":{"start":{"line":159,"column":4},"end":{"line":160,"column":64}},"type":"if","locations":[{"start":{"line":159,"column":4},"end":{"line":160,"column":64}},{"start":{"line":160,"column":9},"end":{"line":160,"column":64}}],"line":159},"22":{"loc":{"start":{"line":160,"column":9},"end":{"line":160,"column":64}},"type":"if","locations":[{"start":{"line":160,"column":9},"end":{"line":160,"column":64}},{"start":{},"end":{}}],"line":160}},"s":{"0":5,"1":1,"2":1,"3":0,"4":1,"5":1,"6":1,"7":1,"8":1,"9":0,"10":1,"11":1,"12":1,"13":0,"14":0,"15":5,"16":2,"17":2,"18":2,"19":0,"20":2,"21":1,"22":1,"23":1,"24":0,"25":5,"26":2,"27":2,"28":2,"29":1,"30":1,"31":1,"32":1,"33":1,"34":5,"35":3,"36":3,"37":3,"38":0,"39":0,"40":0,"41":0,"42":0,"43":0,"44":3,"45":3,"46":0,"47":0,"48":0,"49":0,"50":0,"51":0,"52":0,"53":0,"54":0,"55":0,"56":0,"57":0,"58":0,"59":0,"60":0,"61":0,"62":0,"63":0,"64":0,"65":0,"66":3,"67":0,"68":3,"69":0,"70":3,"71":0,"72":0,"73":0,"74":0,"75":0,"76":3,"77":2,"78":3,"79":3,"80":3,"81":3,"82":3,"83":0,"84":3,"85":0,"86":3,"87":3,"88":3,"89":0,"90":5,"91":0,"92":0,"93":0,"94":0},"f":{"0":1,"1":0,"2":2,"3":2,"4":3,"5":0,"6":0,"7":0,"8":0,"9":0,"10":0,"11":0},"b":{"0":[0,1],"1":[1,0],"2":[1,0],"3":[0,0,0,0],"4":[0,2],"5":[1,1],"6":[1,1],"7":[0,3],"8":[0,0],"9":[0,3],"10":[0,0],"11":[0,0],"12":[0,0],"13":[0,0],"14":[0,3],"15":[0,3],"16":[0,3],"17":[0,0],"18":[2,1],"19":[3,3],"20":[3,3],"21":[0,3],"22":[0,3]},"_coverageSchema":"1a1c01bbd47fc00a2c39e90264f33305004495a9","hash":"679eccaa34e0f5000ea914ba0ca1e133c33f641e"}
,"C:\\Users\\ellyj\\Desktop\\PLP\\testing-and-debugging-ensuring-mern-app-reliability-Ellyj12\\server\\controllers\\swapController.js": {"path":"C:\\Users\\ellyj\\Desktop\\PLP\\testing-and-debugging-ensuring-mern-app-reliability-Ellyj12\\server\\controllers\\swapController.js","statementMap":{"0":{"start":{"line":9,"column":25},"end":{"line":13,"column":1}},"1":{"start":{"line":10,"column":14},"end":{"line":10,"column":29}},"2":{"start":{"line":11,"column":2},"end":{"line":11,"column":19}},"3":{"start":{"line":12,"column":2},"end":{"line":12,"column":13}},"4":{"start":{"line":15,"column":26},"end":{"line":18,"column":1}},"5":{"start":{"line":16,"column":14},"end":{"line":16,"column":31}},"6":{"start":{"line":17,"column":2},"end":{"line":17,"column":76}},"7":{"start":{"line":20,"column":22},"end":{"line":22,"column":1}},"8":{"start":{"line":21,"column":2},"end":{"line":21,"column":71}},"9":{"start":{"line":24,"column":25},"end":{"line":25,"column":65}},"10":{"start":{"line":25,"column":2},"end":{"line":25,"column":65}},"11":{"start":{"line":25,"column":25},"end":{"line":25,"column":64}},"12":{"start":{"line":30,"column":26},"end":{"line":100,"column":1}},"13":{"start":{"line":31,"column":2},"end":{"line":99,"column":3}},"14":{"start":{"line":32,"column":45},"end":{"line":32,"column":53}},"15":{"start":{"line":33,"column":24},"end":{"line":33,"column":36}},"16":{"start":{"line":35,"column":4},"end":{"line":39,"column":5}},"17":{"start":{"line":36,"column":6},"end":{"line":38,"column":69}},"18":{"start":{"line":41,"column":22},"end":{"line":41,"column":54}},"19":{"start":{"line":43,"column":4},"end":{"line":47,"column":5}},"20":{"start":{"line":44,"column":6},"end":{"line":46,"column":67}},"21":{"start":{"line":50,"column":23},"end":{"line":50,"column":48}},"22":{"start":{"line":52,"column":4},"end":{"line":56,"column":5}},"23":{"start":{"line":53,"column":6},"end":{"line":55,"column":89}},"24":{"start":{"line":58,"column":24},"end":{"line":58,"column":28}},"25":{"start":{"line":59,"column":4},"end":{"line":66,"column":5}},"26":{"start":{"line":60,"column":6},"end":{"line":60,"column":59}},"27":{"start":{"line":61,"column":6},"end":{"line":65,"column":7}},"28":{"start":{"line":62,"column":8},"end":{"line":64,"column":73}},"29":{"start":{"line":68,"column":25},"end":{"line":74,"column":6}},"30":{"start":{"line":76,"column":4},"end":{"line":81,"column":5}},"31":{"start":{"line":77,"column":6},"end":{"line":80,"column":9}},"32":{"start":{"line":83,"column":17},"end":{"line":90,"column":6}},"33":{"start":{"line":92,"column":4},"end":{"line":96,"column":7}},"34":{"start":{"line":98,"column":4},"end":{"line":98,"column":14}},"35":{"start":{"line":103,"column":26},"end":{"line":174,"column":1}},"36":{"start":{"line":104,"column":2},"end":{"line":173,"column":3}},"37":{"start":{"line":105,"column":17},"end":{"line":105,"column":79}},"38":{"start":{"line":106,"column":4},"end":{"line":109,"column":61}},"39":{"start":{"line":107,"column":6},"end":{"line":109,"column":61}},"40":{"start":{"line":111,"column":19},"end":{"line":111,"column":42}},"41":{"start":{"line":112,"column":4},"end":{"line":116,"column":5}},"42":{"start":{"line":113,"column":6},"end":{"line":115,"column":78}},"43":{"start":{"line":118,"column":4},"end":{"line":125,"column":5}},"44":{"start":{"line":119,"column":6},"end":{"line":124,"column":11}},"45":{"start":{"line":127,"column":4},"end":{"line":127,"column":29}},"46":{"start":{"line":140,"column":8},"end":{"line":163,"column":5}},"47":{"start":{"line":141,"column":27},"end":{"line":141,"column":63}},"48":{"start":{"line":142,"column":31},"end":{"line":142,"column":33}},"49":{"start":{"line":144,"column":6},"end":{"line":150,"column":7}},"50":{"start":{"line":145,"column":24},"end":{"line":145,"column":38}},"51":{"start":{"line":146,"column":8},"end":{"line":146,"column":52}},"52":{"start":{"line":149,"column":8},"end":{"line":149,"column":49}},"53":{"start":{"line":152,"column":6},"end":{"line":152,"column":24}},"54":{"start":{"line":154,"column":6},"end":{"line":162,"column":9}},"55":{"start":{"line":166,"column":4},"end":{"line":170,"column":7}},"56":{"start":{"line":172,"column":4},"end":{"line":172,"column":14}},"57":{"start":{"line":177,"column":27},"end":{"line":213,"column":1}},"58":{"start":{"line":178,"column":2},"end":{"line":212,"column":3}},"59":{"start":{"line":179,"column":17},"end":{"line":179,"column":51}},"60":{"start":{"line":180,"column":4},"end":{"line":183,"column":61}},"61":{"start":{"line":181,"column":6},"end":{"line":183,"column":61}},"62":{"start":{"line":185,"column":19},"end":{"line":185,"column":42}},"63":{"start":{"line":186,"column":4},"end":{"line":193,"column":5}},"64":{"start":{"line":187,"column":6},"end":{"line":192,"column":11}},"65":{"start":{"line":195,"column":4},"end":{"line":202,"column":5}},"66":{"start":{"line":196,"column":6},"end":{"line":201,"column":11}},"67":{"start":{"line":204,"column":4},"end":{"line":204,"column":29}},"68":{"start":{"line":205,"column":4},"end":{"line":205,"column":22}},"69":{"start":{"line":207,"column":4},"end":{"line":209,"column":70}},"70":{"start":{"line":211,"column":4},"end":{"line":211,"column":14}},"71":{"start":{"line":216,"column":26},"end":{"line":253,"column":1}},"72":{"start":{"line":217,"column":2},"end":{"line":252,"column":3}},"73":{"start":{"line":218,"column":17},"end":{"line":218,"column":51}},"74":{"start":{"line":219,"column":4},"end":{"line":222,"column":61}},"75":{"start":{"line":220,"column":6},"end":{"line":222,"column":61}},"76":{"start":{"line":224,"column":19},"end":{"line":224,"column":42}},"77":{"start":{"line":225,"column":4},"end":{"line":232,"column":5}},"78":{"start":{"line":226,"column":6},"end":{"line":231,"column":11}},"79":{"start":{"line":234,"column":4},"end":{"line":241,"column":5}},"80":{"start":{"line":235,"column":6},"end":{"line":240,"column":11}},"81":{"start":{"line":243,"column":4},"end":{"line":243,"column":30}},"82":{"start":{"line":245,"column":4},"end":{"line":245,"column":22}},"83":{"start":{"line":247,"column":4},"end":{"line":249,"column":71}},"84":{"start":{"line":251,"column":4},"end":{"line":251,"column":14}},"85":{"start":{"line":256,"column":28},"end":{"line":340,"column":1}},"86":{"start":{"line":257,"column":2},"end":{"line":339,"column":3}},"87":{"start":{"line":258,"column":17},"end":{"line":258,"column":51}},"88":{"start":{"line":259,"column":4},"end":{"line":262,"column":61}},"89":{"start":{"line":260,"column":6},"end":{"line":262,"column":61}},"90":{"start":{"line":264,"column":19},"end":{"line":264,"column":42}},"91":{"start":{"line":266,"column":21},"end":{"line":266,"column":29}},"92":{"start":{"line":268,"column":4},"end":{"line":275,"column":5}},"93":{"start":{"line":269,"column":6},"end":{"line":274,"column":11}},"94":{"start":{"line":277,"column":4},"end":{"line":284,"column":5}},"95":{"start":{"line":278,"column":6},"end":{"line":283,"column":11}},"96":{"start":{"line":287,"column":24},"end":{"line":287,"column":86}},"97":{"start":{"line":288,"column":22},"end":{"line":288,"column":57}},"98":{"start":{"line":290,"column":4},"end":{"line":293,"column":79}},"99":{"start":{"line":291,"column":6},"end":{"line":293,"column":79}},"100":{"start":{"line":295,"column":20},"end":{"line":295,"column":43}},"101":{"start":{"line":296,"column":4},"end":{"line":297,"column":79}},"102":{"start":{"line":297,"column":6},"end":{"line":297,"column":79}},"103":{"start":{"line":300,"column":4},"end":{"line":301,"column":42}},"104":{"start":{"line":300,"column":42},"end":{"line":300,"column":71}},"105":{"start":{"line":301,"column":9},"end":{"line":301,"column":42}},"106":{"start":{"line":303,"column":4},"end":{"line":304,"column":32}},"107":{"start":{"line":304,"column":6},"end":{"line":304,"column":32}},"108":{"start":{"line":306,"column":4},"end":{"line":325,"column":5}},"109":{"start":{"line":307,"column":24},"end":{"line":307,"column":55}},"110":{"start":{"line":308,"column":28},"end":{"line":308,"column":63}},"111":{"start":{"line":310,"column":6},"end":{"line":316,"column":7}},"112":{"start":{"line":311,"column":8},"end":{"line":311,"column":30}},"113":{"start":{"line":312,"column":8},"end":{"line":312,"column":34}},"114":{"start":{"line":313,"column":13},"end":{"line":316,"column":7}},"115":{"start":{"line":314,"column":8},"end":{"line":314,"column":30}},"116":{"start":{"line":315,"column":8},"end":{"line":315,"column":34}},"117":{"start":{"line":319,"column":6},"end":{"line":324,"column":9}},"118":{"start":{"line":327,"column":4},"end":{"line":327,"column":22}},"119":{"start":{"line":329,"column":4},"end":{"line":336,"column":7}},"120":{"start":{"line":338,"column":4},"end":{"line":338,"column":14}},"121":{"start":{"line":343,"column":26},"end":{"line":364,"column":1}},"122":{"start":{"line":344,"column":2},"end":{"line":363,"column":3}},"123":{"start":{"line":345,"column":19},"end":{"line":345,"column":42}},"124":{"start":{"line":347,"column":18},"end":{"line":351,"column":74}},"125":{"start":{"line":353,"column":21},"end":{"line":355,"column":28}},"126":{"start":{"line":354,"column":21},"end":{"line":354,"column":54}},"127":{"start":{"line":356,"column":21},"end":{"line":358,"column":28}},"128":{"start":{"line":357,"column":21},"end":{"line":357,"column":58}},"129":{"start":{"line":360,"column":4},"end":{"line":360,"column":71}},"130":{"start":{"line":362,"column":4},"end":{"line":362,"column":14}}},"fnMap":{"0":{"name":"(anonymous_0)","decl":{"start":{"line":9,"column":25},"end":{"line":9,"column":26}},"loc":{"start":{"line":9,"column":35},"end":{"line":13,"column":1}},"line":9},"1":{"name":"(anonymous_1)","decl":{"start":{"line":15,"column":26},"end":{"line":15,"column":27}},"loc":{"start":{"line":15,"column":44},"end":{"line":18,"column":1}},"line":15},"2":{"name":"(anonymous_2)","decl":{"start":{"line":20,"column":22},"end":{"line":20,"column":23}},"loc":{"start":{"line":20,"column":32},"end":{"line":22,"column":1}},"line":20},"3":{"name":"(anonymous_3)","decl":{"start":{"line":24,"column":25},"end":{"line":24,"column":26}},"loc":{"start":{"line":25,"column":2},"end":{"line":25,"column":65}},"line":25},"4":{"name":"(anonymous_4)","decl":{"start":{"line":25,"column":18},"end":{"line":25,"column":19}},"loc":{"start":{"line":25,"column":25},"end":{"line":25,"column":64}},"line":25},"5":{"name":"(anonymous_5)","decl":{"start":{"line":30,"column":26},"end":{"line":30,"column":27}},"loc":{"start":{"line":30,"column":52},"end":{"line":100,"column":1}},"line":30},"6":{"name":"(anonymous_6)","decl":{"start":{"line":103,"column":26},"end":{"line":103,"column":27}},"loc":{"start":{"line":103,"column":52},"end":{"line":174,"column":1}},"line":103},"7":{"name":"(anonymous_7)","decl":{"start":{"line":177,"column":27},"end":{"line":177,"column":28}},"loc":{"start":{"line":177,"column":53},"end":{"line":213,"column":1}},"line":177},"8":{"name":"(anonymous_8)","decl":{"start":{"line":216,"column":26},"end":{"line":216,"column":27}},"loc":{"start":{"line":216,"column":52},"end":{"line":253,"column":1}},"line":216},"9":{"name":"(anonymous_9)","decl":{"start":{"line":256,"column":28},"end":{"line":256,"column":29}},"loc":{"start":{"line":256,"column":54},"end":{"line":340,"column":1}},"line":256},"10":{"name":"(anonymous_10)","decl":{"start":{"line":343,"column":26},"end":{"line":343,"column":27}},"loc":{"start":{"line":343,"column":52},"end":{"line":364,"column":1}},"line":343},"11":{"name":"(anonymous_11)","decl":{"start":{"line":354,"column":14},"end":{"line":354,"column":15}},"loc":{"start":{"line":354,"column":21},"end":{"line":354,"column":54}},"line":354},"12":{"name":"(anonymous_12)","decl":{"start":{"line":357,"column":14},"end":{"line":357,"column":15}},"loc":{"start":{"line":357,"column":21},"end":{"line":357,"column":58}},"line":357}},"branchMap":{"0":{"loc":{"start":{"line":17,"column":9},"end":{"line":17,"column":75}},"type":"binary-expr","locations":[{"start":{"line":17,"column":9},"end":{"line":17,"column":38}},{"start":{"line":17,"column":42},"end":{"line":17,"column":75}}],"line":17},"1":{"loc":{"start":{"line":35,"column":4},"end":{"line":39,"column":5}},"type":"if","locations":[{"start":{"line":35,"column":4},"end":{"line":39,"column":5}},{"start":{},"end":{}}],"line":35},"2":{"loc":{"start":{"line":43,"column":4},"end":{"line":47,"column":5}},"type":"if","locations":[{"start":{"line":43,"column":4},"end":{"line":47,"column":5}},{"start":{},"end":{}}],"line":43},"3":{"loc":{"start":{"line":52,"column":4},"end":{"line":56,"column":5}},"type":"if","locations":[{"start":{"line":52,"column":4},"end":{"line":56,"column":5}},{"start":{},"end":{}}],"line":52},"4":{"loc":{"start":{"line":52,"column":8},"end":{"line":52,"column":39}},"type":"binary-expr","locations":[{"start":{"line":52,"column":8},"end":{"line":52,"column":19}},{"start":{"line":52,"column":23},"end":{"line":52,"column":39}}],"line":52},"5":{"loc":{"start":{"line":59,"column":4},"end":{"line":66,"column":5}},"type":"if","locations":[{"start":{"line":59,"column":4},"end":{"line":66,"column":5}},{"start":{},"end":{}}],"line":59},"6":{"loc":{"start":{"line":61,"column":6},"end":{"line":65,"column":7}},"type":"if","locations":[{"start":{"line":61,"column":6},"end":{"line":65,"column":7}},{"start":{},"end":{}}],"line":61},"7":{"loc":{"start":{"line":76,"column":4},"end":{"line":81,"column":5}},"type":"if","locations":[{"start":{"line":76,"column":4},"end":{"line":81,"column":5}},{"start":{},"end":{}}],"line":76},"8":{"loc":{"start":{"line":87,"column":21},"end":{"line":87,"column":47}},"type":"binary-expr","locations":[{"start":{"line":87,"column":21},"end":{"line":87,"column":39}},{"start":{"line":87,"column":43},"end":{"line":87,"column":47}}],"line":87},"9":{"loc":{"start":{"line":106,"column":4},"end":{"line":109,"column":61}},"type":"if","locations":[{"start":{"line":106,"column":4},"end":{"line":109,"column":61}},{"start":{},"end":{}}],"line":106},"10":{"loc":{"start":{"line":112,"column":4},"end":{"line":116,"column":5}},"type":"if","locations":[{"start":{"line":112,"column":4},"end":{"line":116,"column":5}},{"start":{},"end":{}}],"line":112},"11":{"loc":{"start":{"line":118,"column":4},"end":{"line":125,"column":5}},"type":"if","locations":[{"start":{"line":118,"column":4},"end":{"line":125,"column":5}},{"start":{},"end":{}}],"line":118},"12":{"loc":{"start":{"line":140,"column":8},"end":{"line":163,"column":5}},"type":"if","locations":[{"start":{"line":140,"column":8},"end":{"line":163,"column":5}},{"start":{},"end":{}}],"line":140},"13":{"loc":{"start":{"line":140,"column":12},"end":{"line":140,"column":50}},"type":"binary-expr","locations":[{"start":{"line":140,"column":12},"end":{"line":140,"column":23}},{"start":{"line":140,"column":27},"end":{"line":140,"column":50}}],"line":140},"14":{"loc":{"start":{"line":180,"column":4},"end":{"line":183,"column":61}},"type":"if","locations":[{"start":{"line":180,"column":4},"end":{"line":183,"column":61}},{"start":{},"end":{}}],"line":180},"15":{"loc":{"start":{"line":186,"column":4},"end":{"line":193,"column":5}},"type":"if","locations":[{"start":{"line":186,"column":4},"end":{"line":193,"column":5}},{"start":{},"end":{}}],"line":186},"16":{"loc":{"start":{"line":195,"column":4},"end":{"line":202,"column":5}},"type":"if","locations":[{"start":{"line":195,"column":4},"end":{"line":202,"column":5}},{"start":{},"end":{}}],"line":195},"17":{"loc":{"start":{"line":195,"column":8},"end":{"line":195,"column":58}},"type":"binary-expr","locations":[{"start":{"line":195,"column":8},"end":{"line":195,"column":28}},{"start":{"line":195,"column":32},"end":{"line":195,"column":58}}],"line":195},"18":{"loc":{"start":{"line":219,"column":4},"end":{"line":222,"column":61}},"type":"if","locations":[{"start":{"line":219,"column":4},"end":{"line":222,"column":61}},{"start":{},"end":{}}],"line":219},"19":{"loc":{"start":{"line":225,"column":4},"end":{"line":232,"column":5}},"type":"if","locations":[{"start":{"line":225,"column":4},"end":{"line":232,"column":5}},{"start":{},"end":{}}],"line":225},"20":{"loc":{"start":{"line":234,"column":4},"end":{"line":241,"column":5}},"type":"if","locations":[{"start":{"line":234,"column":4},"end":{"line":241,"column":5}},{"start":{},"end":{}}],"line":234},"21":{"loc":{"start":{"line":259,"column":4},"end":{"line":262,"column":61}},"type":"if","locations":[{"start":{"line":259,"column":4},"end":{"line":262,"column":61}},{"start":{},"end":{}}],"line":259},"22":{"loc":{"start":{"line":268,"column":4},"end":{"line":275,"column":5}},"type":"if","locations":[{"start":{"line":268,"column":4},"end":{"line":275,"column":5}},{"start":{},"end":{}}],"line":268},"23":{"loc":{"start":{"line":277,"column":4},"end":{"line":284,"column":5}},"type":"if","locations":[{"start":{"line":277,"column":4},"end":{"line":284,"column":5}},{"start":{},"end":{}}],"line":277},"24":{"loc":{"start":{"line":287,"column":24},"end":{"line":287,"column":86}},"type":"cond-expr","locations":[{"start":{"line":287,"column":59},"end":{"line":287,"column":73}},{"start":{"line":287,"column":76},"end":{"line":287,"column":86}}],"line":287},"25":{"loc":{"start":{"line":290,"column":4},"end":{"line":293,"column":79}},"type":"if","locations":[{"start":{"line":290,"column":4},"end":{"line":293,"column":79}},{"start":{},"end":{}}],"line":290},"26":{"loc":{"start":{"line":296,"column":4},"end":{"line":297,"column":79}},"type":"if","locations":[{"start":{"line":296,"column":4},"end":{"line":297,"column":79}},{"start":{},"end":{}}],"line":296},"27":{"loc":{"start":{"line":300,"column":4},"end":{"line":301,"column":42}},"type":"if","locations":[{"start":{"line":300,"column":4},"end":{"line":301,"column":42}},{"start":{"line":301,"column":9},"end":{"line":301,"column":42}}],"line":300},"28":{"loc":{"start":{"line":303,"column":4},"end":{"line":304,"column":32}},"type":"if","locations":[{"start":{"line":303,"column":4},"end":{"line":304,"column":32}},{"start":{},"end":{}}],"line":303},"29":{"loc":{"start":{"line":303,"column":8},"end":{"line":303,"column":58}},"type":"binary-expr","locations":[{"start":{"line":303,"column":8},"end":{"line":303,"column":29}},{"start":{"line":303,"column":33},"end":{"line":303,"column":58}}],"line":303},"30":{"loc":{"start":{"line":306,"column":4},"end":{"line":325,"column":5}},"type":"if","locations":[{"start":{"line":306,"column":4},"end":{"line":325,"column":5}},{"start":{},"end":{}}],"line":306},"31":{"loc":{"start":{"line":310,"column":6},"end":{"line":316,"column":7}},"type":"if","locations":[{"start":{"line":310,"column":6},"end":{"line":316,"column":7}},{"start":{"line":313,"column":13},"end":{"line":316,"column":7}}],"line":310},"32":{"loc":{"start":{"line":313,"column":13},"end":{"line":316,"column":7}},"type":"if","locations":[{"start":{"line":313,"column":13},"end":{"line":316,"column":7}},{"start":{},"end":{}}],"line":313},"33":{"loc":{"start":{"line":332,"column":8},"end":{"line":334,"column":57}},"type":"cond-expr","locations":[{"start":{"line":333,"column":12},"end":{"line":333,"column":42}},{"start":{"line":334,"column":12},"end":{"line":334,"column":57}}],"line":332}},"s":{"0":5,"1":3,"2":3,"3":3,"4":5,"5":0,"6":0,"7":5,"8":0,"9":5,"10":0,"11":0,"12":5,"13":2,"14":2,"15":2,"16":2,"17":1,"18":1,"19":1,"20":0,"21":1,"22":1,"23":0,"24":1,"25":1,"26":1,"27":1,"28":0,"29":1,"30":1,"31":0,"32":1,"33":1,"34":0,"35":5,"36":2,"37":2,"38":2,"39":0,"40":2,"41":2,"42":1,"43":1,"44":0,"45":1,"46":1,"47":1,"48":1,"49":1,"50":2,"51":2,"52":2,"53":1,"54":1,"55":0,"56":0,"57":5,"58":0,"59":0,"60":0,"61":0,"62":0,"63":0,"64":0,"65":0,"66":0,"67":0,"68":0,"69":0,"70":0,"71":5,"72":0,"73":0,"74":0,"75":0,"76":0,"77":0,"78":0,"79":0,"80":0,"81":0,"82":0,"83":0,"84":0,"85":5,"86":0,"87":0,"88":0,"89":0,"90":0,"91":0,"92":0,"93":0,"94":0,"95":0,"96":0,"97":0,"98":0,"99":0,"100":0,"101":0,"102":0,"103":0,"104":0,"105":0,"106":0,"107":0,"108":0,"109":0,"110":0,"111":0,"112":0,"113":0,"114":0,"115":0,"116":0,"117":0,"118":0,"119":0,"120":0,"121":5,"122":1,"123":1,"124":1,"125":1,"126":1,"127":1,"128":1,"129":1,"130":0},"f":{"0":3,"1":0,"2":0,"3":0,"4":0,"5":2,"6":2,"7":0,"8":0,"9":0,"10":1,"11":1,"12":1},"b":{"0":[0,0],"1":[1,1],"2":[0,1],"3":[0,1],"4":[1,1],"5":[1,0],"6":[0,1],"7":[0,1],"8":[1,0],"9":[0,2],"10":[1,1],"11":[0,1],"12":[1,0],"13":[1,1],"14":[0,0],"15":[0,0],"16":[0,0],"17":[0,0],"18":[0,0],"19":[0,0],"20":[0,0],"21":[0,0],"22":[0,0],"23":[0,0],"24":[0,0],"25":[0,0],"26":[0,0],"27":[0,0],"28":[0,0],"29":[0,0],"30":[0,0],"31":[0,0],"32":[0,0],"33":[0,0]},"_coverageSchema":"1a1c01bbd47fc00a2c39e90264f33305004495a9","hash":"b7fe8ca1d6d9fc426e1674679d783b55debf1680"}
,"C:\\Users\\ellyj\\Desktop\\PLP\\testing-and-debugging-ensuring-mern-app-reliability-Ellyj12\\server\\middlewear\\authMiddlewear.js": {"path":"C:\\Users\\ellyj\\Desktop\\PLP\\testing-and-debugging-ensuring-mern-app-reliability-Ellyj12\\server\\middlewear\\authMiddlewear.js","statementMap":{"0":{"start":{"line":5,"column":23},"end":{"line":24,"column":1}},"1":{"start":{"line":7,"column":2},"end":{"line":19,"column":3}},"2":{"start":{"line":11,"column":4},"end":{"line":18,"column":5}},"3":{"start":{"line":12,"column":6},"end":{"line":12,"column":54}},"4":{"start":{"line":13,"column":22},"end":{"line":13,"column":63}},"5":{"start":{"line":14,"column":6},"end":{"line":14,"column":69}},"6":{"start":{"line":15,"column":6},"end":{"line":15,"column":13}},"7":{"start":{"line":17,"column":6},"end":{"line":17,"column":72}},"8":{"start":{"line":21,"column":2},"end":{"line":23,"column":3}},"9":{"start":{"line":22,"column":4},"end":{"line":22,"column":66}}},"fnMap":{"0":{"name":"(anonymous_0)","decl":{"start":{"line":5,"column":23},"end":{"line":5,"column":24}},"loc":{"start":{"line":5,"column":49},"end":{"line":24,"column":1}},"line":5}},"branchMap":{"0":{"loc":{"start":{"line":7,"column":2},"end":{"line":19,"column":3}},"type":"if","locations":[{"start":{"line":7,"column":2},"end":{"line":19,"column":3}},{"start":{},"end":{}}],"line":7},"1":{"loc":{"start":{"line":8,"column":4},"end":{"line":9,"column":50}},"type":"binary-expr","locations":[{"start":{"line":8,"column":4},"end":{"line":8,"column":29}},{"start":{"line":9,"column":4},"end":{"line":9,"column":50}}],"line":8},"2":{"loc":{"start":{"line":21,"column":2},"end":{"line":23,"column":3}},"type":"if","locations":[{"start":{"line":21,"column":2},"end":{"line":23,"column":3}},{"start":{},"end":{}}],"line":21}},"s":{"0":5,"1":10,"2":9,"3":9,"4":9,"5":9,"6":9,"7":0,"8":10,"9":1},"f":{"0":10},"b":{"0":[9,1],"1":[10,9],"2":[1,9]},"_coverageSchema":"1a1c01bbd47fc00a2c39e90264f33305004495a9","hash":"d51c44900277b0e1995692903297727a534689c1"}
,"C:\\Users\\ellyj\\Desktop\\PLP\\testing-and-debugging-ensuring-mern-app-reliability-Ellyj12\\server\\middlewear\\errorHandler.js": {"path":"C:\\Users\\ellyj\\Desktop\\PLP\\testing-and-debugging-ensuring-mern-app-reliability-Ellyj12\\server\\middlewear\\errorHandler.js","statementMap":{"0":{"start":{"line":3,"column":28},"end":{"line":72,"column":1}},"1":{"start":{"line":4,"column":21},"end":{"line":4,"column":60}},"2":{"start":{"line":5,"column":2},"end":{"line":5,"column":25}},"3":{"start":{"line":8,"column":25},"end":{"line":8,"column":29}},"4":{"start":{"line":10,"column":27},"end":{"line":22,"column":3}},"5":{"start":{"line":11,"column":4},"end":{"line":11,"column":24}},"6":{"start":{"line":11,"column":12},"end":{"line":11,"column":24}},"7":{"start":{"line":13,"column":4},"end":{"line":13,"column":32}},"8":{"start":{"line":13,"column":17},"end":{"line":13,"column":32}},"9":{"start":{"line":15,"column":4},"end":{"line":15,"column":30}},"10":{"start":{"line":15,"column":16},"end":{"line":15,"column":30}},"11":{"start":{"line":16,"column":4},"end":{"line":16,"column":32}},"12":{"start":{"line":16,"column":17},"end":{"line":16,"column":32}},"13":{"start":{"line":17,"column":4},"end":{"line":17,"column":46}},"14":{"start":{"line":17,"column":24},"end":{"line":17,"column":46}},"15":{"start":{"line":19,"column":4},"end":{"line":19,"column":114}},"16":{"start":{"line":19,"column":67},"end":{"line":19,"column":114}},"17":{"start":{"line":21,"column":4},"end":{"line":21,"column":16}},"18":{"start":{"line":25,"column":2},"end":{"line":40,"column":3}},"19":{"start":{"line":26,"column":4},"end":{"line":30,"column":8}},"20":{"start":{"line":26,"column":61},"end":{"line":30,"column":5}},"21":{"start":{"line":34,"column":7},"end":{"line":40,"column":3}},"22":{"start":{"line":35,"column":4},"end":{"line":39,"column":8}},"23":{"start":{"line":35,"column":46},"end":{"line":39,"column":5}},"24":{"start":{"line":42,"column":2},"end":{"line":52,"column":3}},"25":{"start":{"line":44,"column":26},"end":{"line":44,"column":60}},"26":{"start":{"line":45,"column":4},"end":{"line":45,"column":98}},"27":{"start":{"line":46,"column":4},"end":{"line":51,"column":7}},"28":{"start":{"line":54,"column":2},"end":{"line":62,"column":5}},"29":{"start":{"line":65,"column":2},"end":{"line":71,"column":5}}},"fnMap":{"0":{"name":"(anonymous_0)","decl":{"start":{"line":3,"column":28},"end":{"line":3,"column":29}},"loc":{"start":{"line":3,"column":53},"end":{"line":72,"column":1}},"line":3},"1":{"name":"(anonymous_1)","decl":{"start":{"line":10,"column":27},"end":{"line":10,"column":28}},"loc":{"start":{"line":10,"column":34},"end":{"line":22,"column":3}},"line":10},"2":{"name":"(anonymous_2)","decl":{"start":{"line":26,"column":53},"end":{"line":26,"column":54}},"loc":{"start":{"line":26,"column":61},"end":{"line":30,"column":5}},"line":26},"3":{"name":"(anonymous_3)","decl":{"start":{"line":35,"column":38},"end":{"line":35,"column":39}},"loc":{"start":{"line":35,"column":46},"end":{"line":39,"column":5}},"line":35}},"branchMap":{"0":{"loc":{"start":{"line":4,"column":21},"end":{"line":4,"column":60}},"type":"binary-expr","locations":[{"start":{"line":4,"column":21},"end":{"line":4,"column":35}},{"start":{"line":4,"column":39},"end":{"line":4,"column":53}},{"start":{"line":4,"column":57},"end":{"line":4,"column":60}}],"line":4},"1":{"loc":{"start":{"line":11,"column":4},"end":{"line":11,"column":24}},"type":"if","locations":[{"start":{"line":11,"column":4},"end":{"line":11,"column":24}},{"start":{},"end":{}}],"line":11},"2":{"loc":{"start":{"line":13,"column":4},"end":{"line":13,"column":32}},"type":"if","locations":[{"start":{"line":13,"column":4},"end":{"line":13,"column":32}},{"start":{},"end":{}}],"line":13},"3":{"loc":{"start":{"line":15,"column":4},"end":{"line":15,"column":30}},"type":"if","locations":[{"start":{"line":15,"column":4},"end":{"line":15,"column":30}},{"start":{},"end":{}}],"line":15},"4":{"loc":{"start":{"line":16,"column":4},"end":{"line":16,"column":32}},"type":"if","locations":[{"start":{"line":16,"column":4},"end":{"line":16,"column":32}},{"start":{},"end":{}}],"line":16},"5":{"loc":{"start":{"line":17,"column":4},"end":{"line":17,"column":46}},"type":"if","locations":[{"start":{"line":17,"column":4},"end":{"line":17,"column":46}},{"start":{},"end":{}}],"line":17},"6":{"loc":{"start":{"line":19,"column":4},"end":{"line":19,"column":114}},"type":"if","locations":[{"start":{"line":19,"column":4},"end":{"line":19,"column":114}},{"start":{},"end":{}}],"line":19},"7":{"loc":{"start":{"line":19,"column":8},"end":{"line":19,"column":65}},"type":"binary-expr","locations":[{"start":{"line":19,"column":8},"end":{"line":19,"column":20}},{"start":{"line":19,"column":25},"end":{"line":19,"column":42}},{"start":{"line":19,"column":46},"end":{"line":19,"column":64}}],"line":19},"8":{"loc":{"start":{"line":19,"column":74},"end":{"line":19,"column":113}},"type":"binary-expr","locations":[{"start":{"line":19,"column":74},"end":{"line":19,"column":91}},{"start":{"line":19,"column":95},"end":{"line":19,"column":113}}],"line":19},"9":{"loc":{"start":{"line":25,"column":2},"end":{"line":40,"column":3}},"type":"if","locations":[{"start":{"line":25,"column":2},"end":{"line":40,"column":3}},{"start":{"line":34,"column":7},"end":{"line":40,"column":3}}],"line":25},"10":{"loc":{"start":{"line":25,"column":6},"end":{"line":25,"column":84}},"type":"binary-expr","locations":[{"start":{"line":25,"column":6},"end":{"line":25,"column":36}},{"start":{"line":25,"column":40},"end":{"line":25,"column":50}},{"start":{"line":25,"column":54},"end":{"line":25,"column":84}}],"line":25},"11":{"loc":{"start":{"line":27,"column":13},"end":{"line":27,"column":40}},"type":"binary-expr","locations":[{"start":{"line":27,"column":13},"end":{"line":27,"column":32}},{"start":{"line":27,"column":36},"end":{"line":27,"column":40}}],"line":27},"12":{"loc":{"start":{"line":28,"column":15},"end":{"line":28,"column":85}},"type":"binary-expr","locations":[{"start":{"line":28,"column":15},"end":{"line":28,"column":24}},{"start":{"line":28,"column":29},"end":{"line":28,"column":41}},{"start":{"line":28,"column":45},"end":{"line":28,"column":65}},{"start":{"line":28,"column":70},"end":{"line":28,"column":85}}],"line":28},"13":{"loc":{"start":{"line":29,"column":16},"end":{"line":29,"column":69}},"type":"cond-expr","locations":[{"start":{"line":29,"column":56},"end":{"line":29,"column":65}},{"start":{"line":29,"column":68},"end":{"line":29,"column":69}}],"line":29},"14":{"loc":{"start":{"line":34,"column":7},"end":{"line":40,"column":3}},"type":"if","locations":[{"start":{"line":34,"column":7},"end":{"line":40,"column":3}},{"start":{},"end":{}}],"line":34},"15":{"loc":{"start":{"line":34,"column":11},"end":{"line":34,"column":50}},"type":"binary-expr","locations":[{"start":{"line":34,"column":11},"end":{"line":34,"column":21}},{"start":{"line":34,"column":25},"end":{"line":34,"column":50}}],"line":34},"16":{"loc":{"start":{"line":36,"column":13},"end":{"line":36,"column":40}},"type":"binary-expr","locations":[{"start":{"line":36,"column":13},"end":{"line":36,"column":32}},{"start":{"line":36,"column":36},"end":{"line":36,"column":40}}],"line":36},"17":{"loc":{"start":{"line":37,"column":15},"end":{"line":37,"column":52}},"type":"binary-expr","locations":[{"start":{"line":37,"column":15},"end":{"line":37,"column":20}},{"start":{"line":37,"column":24},"end":{"line":37,"column":33}},{"start":{"line":37,"column":37},"end":{"line":37,"column":52}}],"line":37},"18":{"loc":{"start":{"line":38,"column":16},"end":{"line":38,"column":69}},"type":"cond-expr","locations":[{"start":{"line":38,"column":56},"end":{"line":38,"column":65}},{"start":{"line":38,"column":68},"end":{"line":38,"column":69}}],"line":38},"19":{"loc":{"start":{"line":42,"column":2},"end":{"line":52,"column":3}},"type":"if","locations":[{"start":{"line":42,"column":2},"end":{"line":52,"column":3}},{"start":{},"end":{}}],"line":42},"20":{"loc":{"start":{"line":44,"column":26},"end":{"line":44,"column":60}},"type":"binary-expr","locations":[{"start":{"line":44,"column":26},"end":{"line":44,"column":37}},{"start":{"line":44,"column":41},"end":{"line":44,"column":60}}],"line":44},"21":{"loc":{"start":{"line":67,"column":13},"end":{"line":67,"column":51}},"type":"binary-expr","locations":[{"start":{"line":67,"column":13},"end":{"line":67,"column":24}},{"start":{"line":67,"column":28},"end":{"line":67,"column":51}}],"line":67},"22":{"loc":{"start":{"line":68,"column":10},"end":{"line":68,"column":29}},"type":"binary-expr","locations":[{"start":{"line":68,"column":10},"end":{"line":68,"column":18}},{"start":{"line":68,"column":22},"end":{"line":68,"column":29}}],"line":68},"23":{"loc":{"start":{"line":69,"column":11},"end":{"line":69,"column":67}},"type":"cond-expr","locations":[{"start":{"line":69,"column":51},"end":{"line":69,"column":55}},{"start":{"line":69,"column":58},"end":{"line":69,"column":67}}],"line":69}},"s":{"0":6,"1":6,"2":6,"3":6,"4":6,"5":2,"6":0,"7":2,"8":0,"9":2,"10":0,"11":2,"12":1,"13":1,"14":0,"15":1,"16":0,"17":1,"18":6,"19":2,"20":2,"21":4,"22":0,"23":0,"24":6,"25":1,"26":1,"27":1,"28":5,"29":5},"f":{"0":6,"1":2,"2":2,"3":0},"b":{"0":[6,2,2],"1":[0,2],"2":[0,2],"3":[0,2],"4":[1,1],"5":[0,1],"6":[0,1],"7":[1,0,0],"8":[0,0],"9":[2,4],"10":[6,2,2],"11":[2,1],"12":[2,0,0,0],"13":[0,2],"14":[0,4],"15":[4,0],"16":[0,0],"17":[0,0,0],"18":[0,0],"19":[1,5],"20":[1,0],"21":[5,0],"22":[5,0],"23":[0,5]},"_coverageSchema":"1a1c01bbd47fc00a2c39e90264f33305004495a9","hash":"e4bd555adf4df536f7890a5e238a254684ae0c67"}
,"C:\\Users\\ellyj\\Desktop\\PLP\\testing-and-debugging-ensuring-mern-app-reliability-Ellyj12\\server\\middlewear\\notFound.js": {"path":"C:\\Users\\ellyj\\Desktop\\PLP\\testing-and-debugging-ensuring-mern-app-reliability-Ellyj12\\server\\middlewear\\notFound.js","statementMap":{"0":{"start":{"line":1,"column":24},"end":{"line":5,"column":1}},"1":{"start":{"line":2,"column":16},"end":{"line":2,"column":59}},"2":{"start":{"line":3,"column":2},"end":{"line":3,"column":25}},"3":{"start":{"line":4,"column":2},"end":{"line":4,"column":14}}},"fnMap":{"0":{"name":"(anonymous_0)","decl":{"start":{"line":1,"column":24},"end":{"line":1,"column":25}},"loc":{"start":{"line":1,"column":44},"end":{"line":5,"column":1}},"line":1}},"branchMap":{},"s":{"0":5,"1":0,"2":0,"3":0},"f":{"0":0},"b":{},"_coverageSchema":"1a1c01bbd47fc00a2c39e90264f33305004495a9","hash":"107ec2a3480f4db7f498bf51499e15a5a839b687"}
,"C:\\Users\\ellyj\\Desktop\\PLP\\testing-and-debugging-ensuring-mern-app-reliability-Ellyj12\\server\\middlewear\\uploads.js": {"path":"C:\\Users\\ellyj\\Desktop\\PLP\\testing-and-debugging-ensuring-mern-app-reliability-Ellyj12\\server\\middlewear\\uploads.js","statementMap":{"0":{"start":{"line":7,"column":24},"end":{"line":7,"column":33}},"1":{"start":{"line":8,"column":0},"end":{"line":16,"column":1}},"2":{"start":{"line":9,"column":2},"end":{"line":9,"column":44}},"3":{"start":{"line":10,"column":7},"end":{"line":16,"column":1}},"4":{"start":{"line":11,"column":2},"end":{"line":11,"column":52}},"5":{"start":{"line":12,"column":7},"end":{"line":16,"column":1}},"6":{"start":{"line":13,"column":2},"end":{"line":13,"column":26}},"7":{"start":{"line":14,"column":7},"end":{"line":16,"column":1}},"8":{"start":{"line":15,"column":2},"end":{"line":15,"column":34}},"9":{"start":{"line":18,"column":0},"end":{"line":20,"column":1}},"10":{"start":{"line":19,"column":2},"end":{"line":19,"column":92}},"11":{"start":{"line":22,"column":16},"end":{"line":29,"column":2}},"12":{"start":{"line":31,"column":15},"end":{"line":31,"column":34}}},"fnMap":{},"branchMap":{"0":{"loc":{"start":{"line":8,"column":0},"end":{"line":16,"column":1}},"type":"if","locations":[{"start":{"line":8,"column":0},"end":{"line":16,"column":1}},{"start":{"line":10,"column":7},"end":{"line":16,"column":1}}],"line":8},"1":{"loc":{"start":{"line":8,"column":4},"end":{"line":8,"column":64}},"type":"binary-expr","locations":[{"start":{"line":8,"column":4},"end":{"line":8,"column":7}},{"start":{"line":8,"column":11},"end":{"line":8,"column":34}},{"start":{"line":8,"column":38},"end":{"line":8,"column":64}}],"line":8},"2":{"loc":{"start":{"line":10,"column":7},"end":{"line":16,"column":1}},"type":"if","locations":[{"start":{"line":10,"column":7},"end":{"line":16,"column":1}},{"start":{"line":12,"column":7},"end":{"line":16,"column":1}}],"line":10},"3":{"loc":{"start":{"line":10,"column":11},"end":{"line":10,"column":102}},"type":"binary-expr","locations":[{"start":{"line":10,"column":11},"end":{"line":10,"column":14}},{"start":{"line":10,"column":18},"end":{"line":10,"column":29}},{"start":{"line":10,"column":33},"end":{"line":10,"column":64}},{"start":{"line":10,"column":68},"end":{"line":10,"column":102}}],"line":10},"4":{"loc":{"start":{"line":12,"column":7},"end":{"line":16,"column":1}},"type":"if","locations":[{"start":{"line":12,"column":7},"end":{"line":16,"column":1}},{"start":{"line":14,"column":7},"end":{"line":16,"column":1}}],"line":12},"5":{"loc":{"start":{"line":14,"column":7},"end":{"line":16,"column":1}},"type":"if","locations":[{"start":{"line":14,"column":7},"end":{"line":16,"column":1}},{"start":{},"end":{}}],"line":14},"6":{"loc":{"start":{"line":14,"column":11},"end":{"line":14,"column":66}},"type":"binary-expr","locations":[{"start":{"line":14,"column":11},"end":{"line":14,"column":14}},{"start":{"line":14,"column":18},"end":{"line":14,"column":29}},{"start":{"line":14,"column":33},"end":{"line":14,"column":66}}],"line":14},"7":{"loc":{"start":{"line":18,"column":0},"end":{"line":20,"column":1}},"type":"if","locations":[{"start":{"line":18,"column":0},"end":{"line":20,"column":1}},{"start":{},"end":{}}],"line":18}},"s":{"0":5,"1":5,"2":5,"3":0,"4":0,"5":0,"6":0,"7":0,"8":0,"9":5,"10":0,"11":5,"12":5},"f":{},"b":{"0":[5,0],"1":[5,5,5],"2":[0,0],"3":[0,0,0,0],"4":[0,0],"5":[0,0],"6":[0,0,0],"7":[0,5]},"_coverageSchema":"1a1c01bbd47fc00a2c39e90264f33305004495a9","hash":"a71a18a43a0b18b2d81d8cf471cb37a549c885eb"}
,"C:\\Users\\ellyj\\Desktop\\PLP\\testing-and-debugging-ensuring-mern-app-reliability-Ellyj12\\server\\middlewear\\validation\\itemValidation.js": {"path":"C:\\Users\\ellyj\\Desktop\\PLP\\testing-and-debugging-ensuring-mern-app-reliability-Ellyj12\\server\\middlewear\\validation\\itemValidation.js","statementMap":{"0":{"start":{"line":4,"column":28},"end":{"line":42,"column":1}},"1":{"start":{"line":30,"column":27},"end":{"line":30,"column":57}},"2":{"start":{"line":31,"column":4},"end":{"line":33,"column":5}},"3":{"start":{"line":32,"column":6},"end":{"line":32,"column":44}},"4":{"start":{"line":34,"column":4},"end":{"line":34,"column":16}}},"fnMap":{"0":{"name":"(anonymous_0)","decl":{"start":{"line":29,"column":10},"end":{"line":29,"column":11}},"loc":{"start":{"line":29,"column":27},"end":{"line":35,"column":3}},"line":29}},"branchMap":{"0":{"loc":{"start":{"line":31,"column":4},"end":{"line":33,"column":5}},"type":"if","locations":[{"start":{"line":31,"column":4},"end":{"line":33,"column":5}},{"start":{},"end":{}}],"line":31}},"s":{"0":5,"1":1,"2":1,"3":0,"4":1},"f":{"0":1},"b":{"0":[0,1]},"_coverageSchema":"1a1c01bbd47fc00a2c39e90264f33305004495a9","hash":"7b3f74be978eb5a78583b69724bec92b77c568b1"}
,"C:\\Users\\ellyj\\Desktop\\PLP\\testing-and-debugging-ensuring-mern-app-reliability-Ellyj12\\server\\middlewear\\validation\\userCreationValidation.js": {"path":"C:\\Users\\ellyj\\Desktop\\PLP\\testing-and-debugging-ensuring-mern-app-reliability-Ellyj12\\server\\middlewear\\validation\\userCreationValidation.js","statementMap":{"0":{"start":{"line":3,"column":28},"end":{"line":37,"column":1}}},"fnMap":{},"branchMap":{},"s":{"0":6},"f":{},"b":{},"_coverageSchema":"1a1c01bbd47fc00a2c39e90264f33305004495a9","hash":"3e656ba24b2e5ae8bb51020932f261f88394a183"}
,"C:\\Users\\ellyj\\Desktop\\PLP\\testing-and-debugging-ensuring-mern-app-reliability-Ellyj12\\server\\models\\categoryModel.js": {"path":"C:\\Users\\ellyj\\Desktop\\PLP\\testing-and-debugging-ensuring-mern-app-reliability-Ellyj12\\server\\models\\categoryModel.js","statementMap":{"0":{"start":{"line":3,"column":23},"end":{"line":6,"column":2}},"1":{"start":{"line":8,"column":17},"end":{"line":8,"column":87}}},"fnMap":{},"branchMap":{"0":{"loc":{"start":{"line":8,"column":17},"end":{"line":8,"column":87}},"type":"binary-expr","locations":[{"start":{"line":8,"column":17},"end":{"line":8,"column":41}},{"start":{"line":8,"column":45},"end":{"line":8,"column":87}}],"line":8}},"s":{"0":5,"1":5},"f":{},"b":{"0":[5,5]},"_coverageSchema":"1a1c01bbd47fc00a2c39e90264f33305004495a9","hash":"f2bc8b9f69d6638b6d4490da4abeab179f07a680"}
,"C:\\Users\\ellyj\\Desktop\\PLP\\testing-and-debugging-ensuring-mern-app-reliability-Ellyj12\\server\\models\\itemModel.js": {"path":"C:\\Users\\ellyj\\Desktop\\PLP\\testing-and-debugging-ensuring-mern-app-reliability-Ellyj12\\server\\models\\itemModel.js","statementMap":{"0":{"start":{"line":2,"column":18},"end":{"line":2,"column":42}},"1":{"start":{"line":4,"column":19},"end":{"line":35,"column":1}},"2":{"start":{"line":19,"column":50},"end":{"line":19,"column":72}},"3":{"start":{"line":40,"column":0},"end":{"line":40,"column":43}},"4":{"start":{"line":43,"column":0},"end":{"line":43,"column":56}},"5":{"start":{"line":46,"column":0},"end":{"line":46,"column":50}},"6":{"start":{"line":49,"column":0},"end":{"line":49,"column":46}},"7":{"start":{"line":52,"column":0},"end":{"line":52,"column":36}},"8":{"start":{"line":55,"column":13},"end":{"line":55,"column":71}}},"fnMap":{"0":{"name":"(anonymous_0)","decl":{"start":{"line":19,"column":44},"end":{"line":19,"column":45}},"loc":{"start":{"line":19,"column":50},"end":{"line":19,"column":72}},"line":19}},"branchMap":{"0":{"loc":{"start":{"line":55,"column":13},"end":{"line":55,"column":71}},"type":"binary-expr","locations":[{"start":{"line":55,"column":13},"end":{"line":55,"column":33}},{"start":{"line":55,"column":37},"end":{"line":55,"column":71}}],"line":55}},"s":{"0":6,"1":6,"2":22,"3":6,"4":6,"5":6,"6":6,"7":6,"8":6},"f":{"0":22},"b":{"0":[6,6]},"_coverageSchema":"1a1c01bbd47fc00a2c39e90264f33305004495a9","hash":"9b8c9c98da7856216d2b56e56d2424f10e023782"}
,"C:\\Users\\ellyj\\Desktop\\PLP\\testing-and-debugging-ensuring-mern-app-reliability-Ellyj12\\server\\models\\swapModel.js": {"path":"C:\\Users\\ellyj\\Desktop\\PLP\\testing-and-debugging-ensuring-mern-app-reliability-Ellyj12\\server\\models\\swapModel.js","statementMap":{"0":{"start":{"line":3,"column":19},"end":{"line":7,"column":2}},"1":{"start":{"line":9,"column":19},"end":{"line":47,"column":1}},"2":{"start":{"line":52,"column":0},"end":{"line":52,"column":42}},"3":{"start":{"line":55,"column":0},"end":{"line":55,"column":46}},"4":{"start":{"line":58,"column":0},"end":{"line":58,"column":46}},"5":{"start":{"line":59,"column":0},"end":{"line":59,"column":50}},"6":{"start":{"line":62,"column":13},"end":{"line":62,"column":71}}},"fnMap":{},"branchMap":{"0":{"loc":{"start":{"line":62,"column":13},"end":{"line":62,"column":71}},"type":"binary-expr","locations":[{"start":{"line":62,"column":13},"end":{"line":62,"column":33}},{"start":{"line":62,"column":37},"end":{"line":62,"column":71}}],"line":62}},"s":{"0":5,"1":5,"2":5,"3":5,"4":5,"5":5,"6":5},"f":{},"b":{"0":[5,5]},"_coverageSchema":"1a1c01bbd47fc00a2c39e90264f33305004495a9","hash":"e11c5b3820fb5079f4c1e58ca68ed524e7eb3857"}
,"C:\\Users\\ellyj\\Desktop\\PLP\\testing-and-debugging-ensuring-mern-app-reliability-Ellyj12\\server\\models\\userModel.js": {"path":"C:\\Users\\ellyj\\Desktop\\PLP\\testing-and-debugging-ensuring-mern-app-reliability-Ellyj12\\server\\models\\userModel.js","statementMap":{"0":{"start":{"line":5,"column":19},"end":{"line":17,"column":2}},"1":{"start":{"line":19,"column":0},"end":{"line":24,"column":3}},"2":{"start":{"line":20,"column":2},"end":{"line":20,"column":50}},"3":{"start":{"line":20,"column":36},"end":{"line":20,"column":50}},"4":{"start":{"line":21,"column":15},"end":{"line":21,"column":39}},"5":{"start":{"line":22,"column":2},"end":{"line":22,"column":57}},"6":{"start":{"line":23,"column":2},"end":{"line":23,"column":9}},"7":{"start":{"line":26,"column":0},"end":{"line":28,"column":2}},"8":{"start":{"line":27,"column":2},"end":{"line":27,"column":62}},"9":{"start":{"line":31,"column":13},"end":{"line":31,"column":71}}},"fnMap":{"0":{"name":"(anonymous_0)","decl":{"start":{"line":19,"column":23},"end":{"line":19,"column":24}},"loc":{"start":{"line":19,"column":44},"end":{"line":24,"column":1}},"line":19},"1":{"name":"(anonymous_1)","decl":{"start":{"line":26,"column":35},"end":{"line":26,"column":36}},"loc":{"start":{"line":26,"column":67},"end":{"line":28,"column":1}},"line":26}},"branchMap":{"0":{"loc":{"start":{"line":20,"column":2},"end":{"line":20,"column":50}},"type":"if","locations":[{"start":{"line":20,"column":2},"end":{"line":20,"column":50}},{"start":{},"end":{}}],"line":20},"1":{"loc":{"start":{"line":31,"column":13},"end":{"line":31,"column":71}},"type":"binary-expr","locations":[{"start":{"line":31,"column":13},"end":{"line":31,"column":33}},{"start":{"line":31,"column":37},"end":{"line":31,"column":71}}],"line":31}},"s":{"0":7,"1":7,"2":37,"3":0,"4":37,"5":37,"6":37,"7":7,"8":6,"9":7},"f":{"0":37,"1":6},"b":{"0":[0,37],"1":[7,7]},"_coverageSchema":"1a1c01bbd47fc00a2c39e90264f33305004495a9","hash":"6f2e7c8b52e41449567e973019e32c90c8f56368"}
,"C:\\Users\\ellyj\\Desktop\\PLP\\testing-and-debugging-ensuring-mern-app-reliability-Ellyj12\\server\\routes\\authRoutes.js": {"path":"C:\\Users\\ellyj\\Desktop\\PLP\\testing-and-debugging-ensuring-mern-app-reliability-Ellyj12\\server\\routes\\authRoutes.js","statementMap":{"0":{"start":{"line":6,"column":15},"end":{"line":6,"column":31}},"1":{"start":{"line":8,"column":0},"end":{"line":8,"column":82}},"2":{"start":{"line":10,"column":0},"end":{"line":10,"column":33}}},"fnMap":{},"branchMap":{},"s":{"0":5,"1":5,"2":5},"f":{},"b":{},"_coverageSchema":"1a1c01bbd47fc00a2c39e90264f33305004495a9","hash":"083ef0ad7ec5af488eb3b1cc18ea41c7e46ba308"}
,"C:\\Users\\ellyj\\Desktop\\PLP\\testing-and-debugging-ensuring-mern-app-reliability-Ellyj12\\server\\routes\\categoryRoutes.js": {"path":"C:\\Users\\ellyj\\Desktop\\PLP\\testing-and-debugging-ensuring-mern-app-reliability-Ellyj12\\server\\routes\\categoryRoutes.js","statementMap":{"0":{"start":{"line":4,"column":15},"end":{"line":4,"column":31}},"1":{"start":{"line":7,"column":0},"end":{"line":7,"column":31}}},"fnMap":{},"branchMap":{},"s":{"0":5,"1":5},"f":{},"b":{},"_coverageSchema":"1a1c01bbd47fc00a2c39e90264f33305004495a9","hash":"a500ce5ac66da47d22ac8ed87c62090c6cb944d7"}
,"C:\\Users\\ellyj\\Desktop\\PLP\\testing-and-debugging-ensuring-mern-app-reliability-Ellyj12\\server\\routes\\dashboardRoutes.js": {"path":"C:\\Users\\ellyj\\Desktop\\PLP\\testing-and-debugging-ensuring-mern-app-reliability-Ellyj12\\server\\routes\\dashboardRoutes.js","statementMap":{"0":{"start":{"line":5,"column":15},"end":{"line":5,"column":31}},"1":{"start":{"line":7,"column":0},"end":{"line":7,"column":44}}},"fnMap":{},"branchMap":{},"s":{"0":5,"1":5},"f":{},"b":{},"_coverageSchema":"1a1c01bbd47fc00a2c39e90264f33305004495a9","hash":"ee437cb067a68c99be0874280e8f9c3fc03fcfc1"}
,"C:\\Users\\ellyj\\Desktop\\PLP\\testing-and-debugging-ensuring-mern-app-reliability-Ellyj12\\server\\routes\\itemRoutes.js": {"path":"C:\\Users\\ellyj\\Desktop\\PLP\\testing-and-debugging-ensuring-mern-app-reliability-Ellyj12\\server\\routes\\itemRoutes.js","statementMap":{"0":{"start":{"line":2,"column":15},"end":{"line":2,"column":31}},"1":{"start":{"line":11,"column":0},"end":{"line":11,"column":26}},"2":{"start":{"line":12,"column":0},"end":{"line":12,"column":45}},"3":{"start":{"line":13,"column":0},"end":{"line":13,"column":32}},"4":{"start":{"line":14,"column":0},"end":{"line":14,"column":84}},"5":{"start":{"line":15,"column":0},"end":{"line":15,"column":43}}},"fnMap":{},"branchMap":{},"s":{"0":5,"1":5,"2":5,"3":5,"4":5,"5":5},"f":{},"b":{},"_coverageSchema":"1a1c01bbd47fc00a2c39e90264f33305004495a9","hash":"10a0d8aaa2d298e85902020ee2489e51244af3b6"}
,"C:\\Users\\ellyj\\Desktop\\PLP\\testing-and-debugging-ensuring-mern-app-reliability-Ellyj12\\server\\routes\\swapRoutes.js": {"path":"C:\\Users\\ellyj\\Desktop\\PLP\\testing-and-debugging-ensuring-mern-app-reliability-Ellyj12\\server\\routes\\swapRoutes.js","statementMap":{"0":{"start":{"line":2,"column":15},"end":{"line":2,"column":31}},"1":{"start":{"line":13,"column":0},"end":{"line":13,"column":45}},"2":{"start":{"line":14,"column":0},"end":{"line":14,"column":44}},"3":{"start":{"line":15,"column":0},"end":{"line":15,"column":48}},"4":{"start":{"line":16,"column":0},"end":{"line":16,"column":50}},"5":{"start":{"line":17,"column":0},"end":{"line":17,"column":48}},"6":{"start":{"line":18,"column":0},"end":{"line":18,"column":52}}},"fnMap":{},"branchMap":{},"s":{"0":5,"1":5,"2":5,"3":5,"4":5,"5":5,"6":5},"f":{},"b":{},"_coverageSchema":"1a1c01bbd47fc00a2c39e90264f33305004495a9","hash":"4061de8de2ce1e124e90fcf8dcaf651e9399d4e5"}
,"C:\\Users\\ellyj\\Desktop\\PLP\\testing-and-debugging-ensuring-mern-app-reliability-Ellyj12\\server\\utils\\codeGenerator.js": {"path":"C:\\Users\\ellyj\\Desktop\\PLP\\testing-and-debugging-ensuring-mern-app-reliability-Ellyj12\\server\\utils\\codeGenerator.js","statementMap":{"0":{"start":{"line":1,"column":28},"end":{"line":1,"column":90}},"1":{"start":{"line":1,"column":34},"end":{"line":1,"column":90}}},"fnMap":{"0":{"name":"(anonymous_0)","decl":{"start":{"line":1,"column":28},"end":{"line":1,"column":29}},"loc":{"start":{"line":1,"column":34},"end":{"line":1,"column":90}},"line":1}},"branchMap":{},"s":{"0":6,"1":3},"f":{"0":3},"b":{},"_coverageSchema":"1a1c01bbd47fc00a2c39e90264f33305004495a9","hash":"cea14b3669c995ab8c3e52275ebaae31ec727ca0"}
}
