TN:
SF:server.js
FN:25,(anonymous_0)
FN:42,(anonymous_1)
FN:57,(anonymous_2)
FN:66,(anonymous_3)
FN:71,(anonymous_4)
FNF:5
FNH:2
FNDA:22,(anonymous_0)
FNDA:0,(anonymous_1)
FNDA:0,(anonymous_2)
FNDA:5,(anonymous_3)
FNDA:0,(anonymous_4)
DA:2,5
DA:17,5
DA:18,5
DA:20,5
DA:22,5
DA:24,5
DA:27,22
DA:28,0
DA:29,0
DA:30,0
DA:32,0
DA:39,5
DA:42,5
DA:45,0
DA:51,5
DA:52,5
DA:53,5
DA:54,5
DA:55,5
DA:57,5
DA:58,0
DA:61,5
DA:62,5
DA:66,5
DA:67,5
DA:68,0
DA:69,0
DA:70,0
DA:71,0
DA:72,0
DA:75,0
DA:76,0
DA:81,5
LF:33
LH:20
BRDA:18,0,0,5
BRDA:18,0,1,0
BRDA:27,1,0,22
BRDA:27,1,1,0
BRDA:28,2,0,0
BRDA:28,2,1,0
BRDA:67,3,0,0
BRDA:67,3,1,5
BRF:8
BRH:3
end_of_record
TN:
SF:config\db.js
FN:6,(anonymous_0)
FNF:1
FNH:1
FNDA:11,(anonymous_0)
DA:4,11
DA:6,11
DA:7,11
DA:8,11
DA:16,11
DA:17,0
DA:20,11
DA:23,0
DA:25,0
LF:9
LH:6
BRDA:16,0,0,0
BRDA:16,0,1,11
BRF:2
BRH:1
end_of_record
TN:
SF:controllers\authController.js
FN:6,(anonymous_0)
FN:11,(anonymous_1)
FN:17,(anonymous_2)
FN:68,(anonymous_3)
FNF:4
FNH:4
FNDA:6,(anonymous_0)
FNDA:7,(anonymous_1)
FNDA:1,(anonymous_2)
FNDA:4,(anonymous_3)
DA:6,6
DA:7,6
DA:11,6
DA:12,7
DA:15,7
DA:16,1
DA:17,1
DA:18,1
DA:21,1
DA:27,6
DA:28,6
DA:31,6
DA:32,6
DA:33,2
DA:40,4
DA:41,4
DA:42,0
DA:49,4
DA:50,4
DA:52,4
DA:61,0
DA:68,6
DA:69,4
DA:70,4
DA:73,4
DA:75,4
DA:76,2
DA:85,2
DA:86,2
DA:87,2
DA:90,0
LF:31
LH:28
BRDA:15,0,0,1
BRDA:15,0,1,6
BRDA:32,1,0,2
BRDA:32,1,1,4
BRDA:41,2,0,0
BRDA:41,2,1,4
BRDA:49,3,0,0
BRDA:49,3,1,4
BRDA:49,4,0,0
BRDA:49,4,1,0
BRDA:49,4,2,0
BRDA:73,5,0,4
BRDA:73,5,1,0
BRDA:75,6,0,2
BRDA:75,6,1,2
BRDA:75,7,0,4
BRDA:75,7,1,4
BRF:17
BRH:11
end_of_record
TN:
SF:controllers\categoryController.js
FN:3,(anonymous_0)
FNF:1
FNH:1
FNDA:1,(anonymous_0)
DA:3,5
DA:4,1
DA:5,1
DA:7,1
DA:13,0
LF:5
LH:4
BRF:0
BRH:0
end_of_record
TN:
SF:controllers\dashboardController.js
FN:5,(anonymous_0)
FN:14,(anonymous_1)
FN:28,(anonymous_2)
FNF:3
FNH:2
FNDA:1,(anonymous_0)
FNDA:1,(anonymous_1)
FNDA:0,(anonymous_2)
DA:5,5
DA:6,1
DA:7,1
DA:10,1
DA:12,1
DA:13,1
DA:14,1
DA:17,1
DA:27,1
DA:28,0
DA:31,1
DA:42,0
LF:12
LH:10
BRDA:28,0,0,0
BRDA:28,0,1,0
BRDA:32,1,0,1
BRDA:32,1,1,0
BRF:4
BRH:1
end_of_record
TN:
SF:controllers\itemController.js
FN:7,(anonymous_0)
FN:29,(anonymous_1)
FN:56,(anonymous_2)
FN:75,(anonymous_3)
FN:93,(anonymous_4)
FN:114,(anonymous_5)
FN:115,(anonymous_6)
FN:120,(anonymous_7)
FN:122,(anonymous_8)
FN:124,(anonymous_9)
FN:141,(anonymous_10)
FN:181,(anonymous_11)
FNF:12
FNH:4
FNDA:1,(anonymous_0)
FNDA:0,(anonymous_1)
FNDA:2,(anonymous_2)
FNDA:2,(anonymous_3)
FNDA:3,(anonymous_4)
FNDA:0,(anonymous_5)
FNDA:0,(anonymous_6)
FNDA:0,(anonymous_7)
FNDA:0,(anonymous_8)
FNDA:0,(anonymous_9)
FNDA:0,(anonymous_10)
FNDA:0,(anonymous_11)
DA:7,5
DA:10,1
DA:11,1
DA:12,0
DA:15,1
DA:20,1
DA:22,1
DA:23,1
DA:29,1
DA:31,1
DA:47,1
DA:48,1
DA:50,0
DA:51,0
DA:56,5
DA:57,2
DA:58,2
DA:60,2
DA:61,0
DA:64,2
DA:65,1
DA:68,1
DA:69,1
DA:71,0
DA:75,5
DA:76,2
DA:77,2
DA:82,2
DA:83,1
DA:84,1
DA:85,1
DA:87,1
DA:89,1
DA:93,5
DA:94,3
DA:96,3
DA:98,3
DA:99,0
DA:100,0
DA:101,0
DA:102,0
DA:103,0
DA:105,0
DA:108,3
DA:110,3
DA:111,0
DA:113,0
DA:114,0
DA:115,0
DA:116,0
DA:117,0
DA:120,0
DA:121,0
DA:122,0
DA:124,0
DA:126,0
DA:127,0
DA:130,0
DA:131,0
DA:132,0
DA:136,3
DA:137,3
DA:138,3
DA:139,0
DA:140,0
DA:141,0
DA:143,0
DA:147,3
DA:148,2
DA:154,3
DA:155,3
DA:156,3
DA:158,3
DA:159,3
DA:160,3
DA:162,3
DA:168,3
DA:170,3
DA:177,0
DA:181,5
DA:182,0
DA:183,0
DA:186,0
DA:188,0
LF:84
LH:49
BRDA:11,0,0,0
BRDA:11,0,1,1
BRDA:24,1,0,1
BRDA:24,1,1,0
BRDA:29,2,0,1
BRDA:29,2,1,0
BRDA:29,3,0,0
BRDA:29,3,1,0
BRDA:29,3,2,0
BRDA:29,3,3,0
BRDA:60,4,0,0
BRDA:60,4,1,2
BRDA:64,5,0,1
BRDA:64,5,1,1
BRDA:82,6,0,1
BRDA:82,6,1,1
BRDA:98,7,0,0
BRDA:98,7,1,3
BRDA:100,8,0,0
BRDA:100,8,1,0
BRDA:110,9,0,0
BRDA:110,9,1,3
BRDA:113,10,0,0
BRDA:113,10,1,0
BRDA:116,11,0,0
BRDA:116,11,1,0
BRDA:126,12,0,0
BRDA:126,12,1,0
BRDA:131,13,0,0
BRDA:131,13,1,0
BRDA:136,14,0,0
BRDA:136,14,1,3
BRDA:137,15,0,0
BRDA:137,15,1,3
BRDA:138,16,0,0
BRDA:138,16,1,3
BRDA:140,17,0,0
BRDA:140,17,1,0
BRDA:147,18,0,2
BRDA:147,18,1,1
BRDA:154,19,0,3
BRDA:154,19,1,3
BRDA:155,20,0,3
BRDA:155,20,1,3
BRDA:159,21,0,0
BRDA:159,21,1,3
BRDA:160,22,0,0
BRDA:160,22,1,3
BRF:48
BRH:21
end_of_record
TN:
SF:controllers\swapController.js
FN:9,(anonymous_0)
FN:15,(anonymous_1)
FN:20,(anonymous_2)
FN:24,(anonymous_3)
FN:25,(anonymous_4)
FN:30,(anonymous_5)
FN:103,(anonymous_6)
FN:177,(anonymous_7)
FN:216,(anonymous_8)
FN:256,(anonymous_9)
FN:343,(anonymous_10)
FN:354,(anonymous_11)
FN:357,(anonymous_12)
FNF:13
FNH:6
FNDA:3,(anonymous_0)
FNDA:0,(anonymous_1)
FNDA:0,(anonymous_2)
FNDA:0,(anonymous_3)
FNDA:0,(anonymous_4)
FNDA:2,(anonymous_5)
FNDA:2,(anonymous_6)
FNDA:0,(anonymous_7)
FNDA:0,(anonymous_8)
FNDA:0,(anonymous_9)
FNDA:1,(anonymous_10)
FNDA:1,(anonymous_11)
FNDA:1,(anonymous_12)
DA:9,5
DA:10,3
DA:11,3
DA:12,3
DA:15,5
DA:16,0
DA:17,0
DA:20,5
DA:21,0
DA:24,5
DA:25,0
DA:30,5
DA:31,2
DA:32,2
DA:33,2
DA:35,2
DA:36,1
DA:41,1
DA:43,1
DA:44,0
DA:50,1
DA:52,1
DA:53,0
DA:58,1
DA:59,1
DA:60,1
DA:61,1
DA:62,0
DA:68,1
DA:76,1
DA:77,0
DA:83,1
DA:92,1
DA:98,0
DA:103,5
DA:104,2
DA:105,2
DA:106,2
DA:107,0
DA:111,2
DA:112,2
DA:113,1
DA:118,1
DA:119,0
DA:127,1
DA:140,1
DA:141,1
DA:142,1
DA:144,1
DA:145,2
DA:146,2
DA:149,2
DA:152,1
DA:154,1
DA:166,0
DA:172,0
DA:177,5
DA:178,0
DA:179,0
DA:180,0
DA:181,0
DA:185,0
DA:186,0
DA:187,0
DA:195,0
DA:196,0
DA:204,0
DA:205,0
DA:207,0
DA:211,0
DA:216,5
DA:217,0
DA:218,0
DA:219,0
DA:220,0
DA:224,0
DA:225,0
DA:226,0
DA:234,0
DA:235,0
DA:243,0
DA:245,0
DA:247,0
DA:251,0
DA:256,5
DA:257,0
DA:258,0
DA:259,0
DA:260,0
DA:264,0
DA:266,0
DA:268,0
DA:269,0
DA:277,0
DA:278,0
DA:287,0
DA:288,0
DA:290,0
DA:291,0
DA:295,0
DA:296,0
DA:297,0
DA:300,0
DA:301,0
DA:303,0
DA:304,0
DA:306,0
DA:307,0
DA:308,0
DA:310,0
DA:311,0
DA:312,0
DA:313,0
DA:314,0
DA:315,0
DA:319,0
DA:327,0
DA:329,0
DA:338,0
DA:343,5
DA:344,1
DA:345,1
DA:347,1
DA:353,1
DA:354,1
DA:356,1
DA:357,1
DA:360,1
DA:362,0
LF:129
LH:55
BRDA:17,0,0,0
BRDA:17,0,1,0
BRDA:35,1,0,1
BRDA:35,1,1,1
BRDA:43,2,0,0
BRDA:43,2,1,1
BRDA:52,3,0,0
BRDA:52,3,1,1
BRDA:52,4,0,1
BRDA:52,4,1,1
BRDA:59,5,0,1
BRDA:59,5,1,0
BRDA:61,6,0,0
BRDA:61,6,1,1
BRDA:76,7,0,0
BRDA:76,7,1,1
BRDA:87,8,0,1
BRDA:87,8,1,0
BRDA:106,9,0,0
BRDA:106,9,1,2
BRDA:112,10,0,1
BRDA:112,10,1,1
BRDA:118,11,0,0
BRDA:118,11,1,1
BRDA:140,12,0,1
BRDA:140,12,1,0
BRDA:140,13,0,1
BRDA:140,13,1,1
BRDA:180,14,0,0
BRDA:180,14,1,0
BRDA:186,15,0,0
BRDA:186,15,1,0
BRDA:195,16,0,0
BRDA:195,16,1,0
BRDA:195,17,0,0
BRDA:195,17,1,0
BRDA:219,18,0,0
BRDA:219,18,1,0
BRDA:225,19,0,0
BRDA:225,19,1,0
BRDA:234,20,0,0
BRDA:234,20,1,0
BRDA:259,21,0,0
BRDA:259,21,1,0
BRDA:268,22,0,0
BRDA:268,22,1,0
BRDA:277,23,0,0
BRDA:277,23,1,0
BRDA:287,24,0,0
BRDA:287,24,1,0
BRDA:290,25,0,0
BRDA:290,25,1,0
BRDA:296,26,0,0
BRDA:296,26,1,0
BRDA:300,27,0,0
BRDA:300,27,1,0
BRDA:303,28,0,0
BRDA:303,28,1,0
BRDA:303,29,0,0
BRDA:303,29,1,0
BRDA:306,30,0,0
BRDA:306,30,1,0
BRDA:310,31,0,0
BRDA:310,31,1,0
BRDA:313,32,0,0
BRDA:313,32,1,0
BRDA:332,33,0,0
BRDA:332,33,1,0
BRF:68
BRH:17
end_of_record
TN:
SF:middlewear\authMiddlewear.js
FN:5,(anonymous_0)
FNF:1
FNH:1
FNDA:10,(anonymous_0)
DA:5,5
DA:7,10
DA:11,9
DA:12,9
DA:13,9
DA:14,9
DA:15,9
DA:17,0
DA:21,10
DA:22,1
LF:10
LH:9
BRDA:7,0,0,9
BRDA:7,0,1,1
BRDA:8,1,0,10
BRDA:8,1,1,9
BRDA:21,2,0,1
BRDA:21,2,1,9
BRF:6
BRH:6
end_of_record
TN:
SF:middlewear\errorHandler.js
FN:3,(anonymous_0)
FN:10,(anonymous_1)
FN:26,(anonymous_2)
FN:35,(anonymous_3)
FNF:4
FNH:3
FNDA:6,(anonymous_0)
FNDA:2,(anonymous_1)
FNDA:2,(anonymous_2)
FNDA:0,(anonymous_3)
DA:3,6
DA:4,6
DA:5,6
DA:8,6
DA:10,6
DA:11,2
DA:13,2
DA:15,2
DA:16,2
DA:17,1
DA:19,1
DA:21,1
DA:25,6
DA:26,2
DA:34,4
DA:35,0
DA:42,6
DA:44,1
DA:45,1
DA:46,1
DA:54,5
DA:65,5
LF:22
LH:21
BRDA:4,0,0,6
BRDA:4,0,1,2
BRDA:4,0,2,2
BRDA:11,1,0,0
BRDA:11,1,1,2
BRDA:13,2,0,0
BRDA:13,2,1,2
BRDA:15,3,0,0
BRDA:15,3,1,2
BRDA:16,4,0,1
BRDA:16,4,1,1
BRDA:17,5,0,0
BRDA:17,5,1,1
BRDA:19,6,0,0
BRDA:19,6,1,1
BRDA:19,7,0,1
BRDA:19,7,1,0
BRDA:19,7,2,0
BRDA:19,8,0,0
BRDA:19,8,1,0
BRDA:25,9,0,2
BRDA:25,9,1,4
BRDA:25,10,0,6
BRDA:25,10,1,2
BRDA:25,10,2,2
BRDA:27,11,0,2
BRDA:27,11,1,1
BRDA:28,12,0,2
BRDA:28,12,1,0
BRDA:28,12,2,0
BRDA:28,12,3,0
BRDA:29,13,0,0
BRDA:29,13,1,2
BRDA:34,14,0,0
BRDA:34,14,1,4
BRDA:34,15,0,4
BRDA:34,15,1,0
BRDA:36,16,0,0
BRDA:36,16,1,0
BRDA:37,17,0,0
BRDA:37,17,1,0
BRDA:37,17,2,0
BRDA:38,18,0,0
BRDA:38,18,1,0
BRDA:42,19,0,1
BRDA:42,19,1,5
BRDA:44,20,0,1
BRDA:44,20,1,0
BRDA:67,21,0,5
BRDA:67,21,1,0
BRDA:68,22,0,5
BRDA:68,22,1,0
BRDA:69,23,0,0
BRDA:69,23,1,5
BRF:54
BRH:28
end_of_record
TN:
SF:middlewear\notFound.js
FN:1,(anonymous_0)
FNF:1
FNH:0
FNDA:0,(anonymous_0)
DA:1,5
DA:2,0
DA:3,0
DA:4,0
LF:4
LH:1
BRF:0
BRH:0
end_of_record
TN:
SF:middlewear\uploads.js
FNF:0
FNH:0
DA:7,5
DA:8,5
DA:9,5
DA:10,0
DA:11,0
DA:12,0
DA:13,0
DA:14,0
DA:15,0
DA:18,5
DA:19,0
DA:22,5
DA:31,5
LF:13
LH:6
BRDA:8,0,0,5
BRDA:8,0,1,0
BRDA:8,1,0,5
BRDA:8,1,1,5
BRDA:8,1,2,5
BRDA:10,2,0,0
BRDA:10,2,1,0
BRDA:10,3,0,0
BRDA:10,3,1,0
BRDA:10,3,2,0
BRDA:10,3,3,0
BRDA:12,4,0,0
BRDA:12,4,1,0
BRDA:14,5,0,0
BRDA:14,5,1,0
BRDA:14,6,0,0
BRDA:14,6,1,0
BRDA:14,6,2,0
BRDA:18,7,0,0
BRDA:18,7,1,5
BRF:20
BRH:5
end_of_record
TN:
SF:middlewear\validation\itemValidation.js
FN:29,(anonymous_0)
FNF:1
FNH:1
FNDA:1,(anonymous_0)
DA:4,5
DA:30,1
DA:31,1
DA:32,0
DA:34,1
LF:5
LH:4
BRDA:31,0,0,0
BRDA:31,0,1,1
BRF:2
BRH:1
end_of_record
TN:
SF:middlewear\validation\userCreationValidation.js
FNF:0
FNH:0
DA:3,6
LF:1
LH:1
BRF:0
BRH:0
end_of_record
TN:
SF:models\categoryModel.js
FNF:0
FNH:0
DA:3,5
DA:8,5
LF:2
LH:2
BRDA:8,0,0,5
BRDA:8,0,1,5
BRF:2
BRH:2
end_of_record
TN:
SF:models\itemModel.js
FN:19,(anonymous_0)
FNF:1
FNH:1
FNDA:22,(anonymous_0)
DA:2,6
DA:4,6
DA:19,22
DA:40,6
DA:43,6
DA:46,6
DA:49,6
DA:52,6
DA:55,6
LF:9
LH:9
BRDA:55,0,0,6
BRDA:55,0,1,6
BRF:2
BRH:2
end_of_record
TN:
SF:models\swapModel.js
FNF:0
FNH:0
DA:3,5
DA:9,5
DA:52,5
DA:55,5
DA:58,5
DA:59,5
DA:62,5
LF:7
LH:7
BRDA:62,0,0,5
BRDA:62,0,1,5
BRF:2
BRH:2
end_of_record
TN:
SF:models\userModel.js
FN:19,(anonymous_0)
FN:26,(anonymous_1)
FNF:2
FNH:2
FNDA:37,(anonymous_0)
FNDA:6,(anonymous_1)
DA:5,7
DA:19,7
DA:20,37
DA:21,37
DA:22,37
DA:23,37
DA:26,7
DA:27,6
DA:31,7
LF:9
LH:9
BRDA:20,0,0,0
BRDA:20,0,1,37
BRDA:31,1,0,7
BRDA:31,1,1,7
BRF:4
BRH:3
end_of_record
TN:
SF:routes\authRoutes.js
FNF:0
FNH:0
DA:6,5
DA:8,5
DA:10,5
LF:3
LH:3
BRF:0
BRH:0
end_of_record
TN:
SF:routes\categoryRoutes.js
FNF:0
FNH:0
DA:4,5
DA:7,5
LF:2
LH:2
BRF:0
BRH:0
end_of_record
TN:
SF:routes\dashboardRoutes.js
FNF:0
FNH:0
DA:5,5
DA:7,5
LF:2
LH:2
BRF:0
BRH:0
end_of_record
TN:
SF:routes\itemRoutes.js
FNF:0
FNH:0
DA:2,5
DA:11,5
DA:12,5
DA:13,5
DA:14,5
DA:15,5
LF:6
LH:6
BRF:0
BRH:0
end_of_record
TN:
SF:routes\swapRoutes.js
FNF:0
FNH:0
DA:2,5
DA:13,5
DA:14,5
DA:15,5
DA:16,5
DA:17,5
DA:18,5
LF:7
LH:7
BRF:0
BRH:0
end_of_record
TN:
SF:utils\codeGenerator.js
FN:1,(anonymous_0)
FNF:1
FNH:1
FNDA:3,(anonymous_0)
DA:1,6
LF:1
LH:1
BRF:0
BRH:0
end_of_record
